2017-12-26 11:01:41,472 INFO [com.netflix.discovery.shared.resolver.aws.ConfigClusterResolver:43] Resolving eureka endpoints via configuration
2017-12-26 11:06:41,480 INFO [com.netflix.discovery.shared.resolver.aws.ConfigClusterResolver:43] Resolving eureka endpoints via configuration
2017-12-26 11:11:41,483 INFO [com.netflix.discovery.shared.resolver.aws.ConfigClusterResolver:43] Resolving eureka endpoints via configuration
2017-12-26 11:16:41,486 INFO [com.netflix.discovery.shared.resolver.aws.ConfigClusterResolver:43] Resolving eureka endpoints via configuration
2017-12-26 11:21:41,489 INFO [com.netflix.discovery.shared.resolver.aws.ConfigClusterResolver:43] Resolving eureka endpoints via configuration
2017-12-26 11:26:41,492 INFO [com.netflix.discovery.shared.resolver.aws.ConfigClusterResolver:43] Resolving eureka endpoints via configuration
2017-12-26 11:29:33,909 INFO [org.apache.juli.logging.DirectJDKLog:179] Initializing Spring FrameworkServlet 'dispatcherServlet'
2017-12-26 11:29:33,909 INFO [org.springframework.web.servlet.FrameworkServlet:489] FrameworkServlet 'dispatcherServlet': initialization started
2017-12-26 11:29:34,004 INFO [org.springframework.web.servlet.FrameworkServlet:508] FrameworkServlet 'dispatcherServlet': initialization completed in 94 ms
2017-12-26 11:29:34,466 INFO [org.springframework.context.support.AbstractApplicationContext:583] Refreshing org.springframework.context.annotation.AnnotationConfigApplicationContext@74bd0324: startup date [Tue Dec 26 11:29:34 CST 2017]; parent: org.springframework.boot.context.embedded.AnnotationConfigEmbeddedWebApplicationContext@3a91d146
2017-12-26 11:29:34,581 INFO [org.springframework.beans.factory.annotation.AutowiredAnnotationBeanPostProcessor:155] JSR-330 'javax.inject.Inject' annotation found and supported for autowiring
2017-12-26 11:29:35,101 INFO [com.netflix.config.ChainedDynamicProperty$ChainLink:115] Flipping property: pfds-drug.ribbon.ActiveConnectionsLimit to use NEXT property: niws.loadbalancer.availabilityFilteringRule.activeConnectionsLimit = 2147483647
2017-12-26 11:29:35,149 INFO [com.netflix.util.concurrent.ShutdownEnabledTimer:58] Shutdown hook installed for: NFLoadBalancer-PingTimer-pfds-drug
2017-12-26 11:29:35,211 INFO [com.netflix.loadbalancer.BaseLoadBalancer:185] Client:pfds-drug instantiated a LoadBalancer:DynamicServerListLoadBalancer:{NFLoadBalancer:name=pfds-drug,current list of Servers=[],Load balancer stats=Zone stats: {},Server stats: []}ServerList:null
2017-12-26 11:29:35,218 INFO [com.netflix.loadbalancer.DynamicServerListLoadBalancer:214] Using serverListUpdater PollingServerListUpdater
2017-12-26 11:29:35,229 INFO [com.netflix.loadbalancer.DynamicServerListLoadBalancer:150] DynamicServerListLoadBalancer for client pfds-drug initialized: DynamicServerListLoadBalancer:{NFLoadBalancer:name=pfds-drug,current list of Servers=[],Load balancer stats=Zone stats: {},Server stats: []}ServerList:org.springframework.cloud.netflix.ribbon.eureka.DomainExtractingServerList@4c92a85b
2017-12-26 11:29:35,567 WARN [com.iebm.pfds.service.rpc.user.DrugFeignFallbackFactory:16] error on invoke pfds-drug cause by com.netflix.client.ClientException: Load balancer does not have available server for client: pfds-drug
2017-12-26 11:29:35,572 INFO [com.iebm.pfds.user.controller.UserController:40] drugFeign return -1
2017-12-26 11:31:41,496 INFO [com.netflix.discovery.shared.resolver.aws.ConfigClusterResolver:43] Resolving eureka endpoints via configuration
2017-12-26 11:36:41,499 INFO [com.netflix.discovery.shared.resolver.aws.ConfigClusterResolver:43] Resolving eureka endpoints via configuration
2017-12-26 11:41:41,502 INFO [com.netflix.discovery.shared.resolver.aws.ConfigClusterResolver:43] Resolving eureka endpoints via configuration
2017-12-26 11:46:41,505 INFO [com.netflix.discovery.shared.resolver.aws.ConfigClusterResolver:43] Resolving eureka endpoints via configuration
2017-12-26 11:51:41,508 INFO [com.netflix.discovery.shared.resolver.aws.ConfigClusterResolver:43] Resolving eureka endpoints via configuration
2017-12-26 11:56:41,511 INFO [com.netflix.discovery.shared.resolver.aws.ConfigClusterResolver:43] Resolving eureka endpoints via configuration
