2017-12-22 16:56:27,627 INFO [org.springframework.context.support.AbstractApplicationContext:583] Refreshing org.springframework.context.annotation.AnnotationConfigApplicationContext@2aac0af9: startup date [Fri Dec 22 16:56:27 CST 2017]; root of context hierarchy
2017-12-22 16:56:28,576 INFO [org.hibernate.validator.internal.util.Version:30] HV000001: Hibernate Validator 5.3.5.Final
2017-12-22 16:56:29,011 INFO [org.springframework.beans.factory.annotation.AutowiredAnnotationBeanPostProcessor:155] JSR-330 'javax.inject.Inject' annotation found and supported for autowiring
2017-12-22 16:56:29,209 INFO [org.springframework.context.support.PostProcessorRegistrationDelegate$BeanPostProcessorChecker:325] Bean 'configurationPropertiesRebinderAutoConfiguration' of type [org.springframework.cloud.autoconfigure.ConfigurationPropertiesRebinderAutoConfiguration$$EnhancerBySpringCGLIB$$b7b52266] is not eligible for getting processed by all BeanPostProcessors (for example: not eligible for auto-proxying)
2017-12-22 16:56:31,275 INFO [org.springframework.boot.SpringApplication:597] The following profiles are active: core
2017-12-22 16:56:31,444 INFO [org.springframework.context.support.AbstractApplicationContext:583] Refreshing org.springframework.boot.context.embedded.AnnotationConfigEmbeddedWebApplicationContext@5c906de2: startup date [Fri Dec 22 16:56:31 CST 2017]; parent: org.springframework.context.annotation.AnnotationConfigApplicationContext@2aac0af9
2017-12-22 16:56:37,046 WARN [org.springframework.context.annotation.AutoProxyRegistrar:82] AutoProxyRegistrar was imported but no annotations were found having both 'mode' and 'proxyTargetClass' attributes of type AdviceMode and boolean respectively. This means that auto proxy creator registration and configuration may not have occurred as intended, and components may not be proxied as expected. Check to ensure that AutoProxyRegistrar has been @Import'ed on the same class where these annotations are declared; otherwise remove the import of AutoProxyRegistrar altogether.
2017-12-22 16:56:38,527 INFO [org.springframework.beans.factory.support.DefaultListableBeanFactory:828] Overriding bean definition for bean 'retryTemplate' with a different definition: replacing [Root bean: class [null]; scope=; abstract=false; lazyInit=false; autowireMode=3; dependencyCheck=0; autowireCandidate=true; primary=false; factoryBeanName=org.springframework.cloud.client.loadbalancer.LoadBalancerAutoConfiguration$RetryAutoConfiguration; factoryMethodName=retryTemplate; initMethodName=null; destroyMethodName=(inferred); defined in class path resource [org/springframework/cloud/client/loadbalancer/LoadBalancerAutoConfiguration$RetryAutoConfiguration.class]] with [Root bean: class [null]; scope=; abstract=false; lazyInit=false; autowireMode=3; dependencyCheck=0; autowireCandidate=true; primary=false; factoryBeanName=org.springframework.cloud.netflix.feign.ribbon.FeignRibbonClientAutoConfiguration; factoryMethodName=retryTemplate; initMethodName=null; destroyMethodName=(inferred); defined in class path resource [org/springframework/cloud/netflix/feign/ribbon/FeignRibbonClientAutoConfiguration.class]]
2017-12-22 16:56:39,324 INFO [org.springframework.cloud.context.scope.GenericScope:263] BeanFactory id=b3198520-b9f8-3f34-9c64-9ef69b2c858d
2017-12-22 16:56:39,553 INFO [org.springframework.beans.factory.annotation.AutowiredAnnotationBeanPostProcessor:155] JSR-330 'javax.inject.Inject' annotation found and supported for autowiring
2017-12-22 16:56:40,409 INFO [org.springframework.context.support.PostProcessorRegistrationDelegate$BeanPostProcessorChecker:325] Bean 'org.springframework.transaction.annotation.ProxyTransactionManagementConfiguration' of type [org.springframework.transaction.annotation.ProxyTransactionManagementConfiguration$$EnhancerBySpringCGLIB$$9b9b1f69] is not eligible for getting processed by all BeanPostProcessors (for example: not eligible for auto-proxying)
2017-12-22 16:56:41,162 INFO [org.springframework.context.support.PostProcessorRegistrationDelegate$BeanPostProcessorChecker:325] Bean 'org.springframework.cache.annotation.ProxyCachingConfiguration' of type [org.springframework.cache.annotation.ProxyCachingConfiguration$$EnhancerBySpringCGLIB$$e4ad5587] is not eligible for getting processed by all BeanPostProcessors (for example: not eligible for auto-proxying)
2017-12-22 16:56:41,410 INFO [org.springframework.context.support.PostProcessorRegistrationDelegate$BeanPostProcessorChecker:325] Bean 'org.springframework.boot.autoconfigure.cache.CacheAutoConfiguration' of type [org.springframework.boot.autoconfigure.cache.CacheAutoConfiguration$$EnhancerBySpringCGLIB$$d9211a2b] is not eligible for getting processed by all BeanPostProcessors (for example: not eligible for auto-proxying)
2017-12-22 16:56:41,556 INFO [org.springframework.context.support.PostProcessorRegistrationDelegate$BeanPostProcessorChecker:325] Bean 'spring.cache-org.springframework.boot.autoconfigure.cache.CacheProperties' of type [org.springframework.boot.autoconfigure.cache.CacheProperties] is not eligible for getting processed by all BeanPostProcessors (for example: not eligible for auto-proxying)
2017-12-22 16:56:41,674 INFO [org.springframework.context.support.PostProcessorRegistrationDelegate$BeanPostProcessorChecker:325] Bean 'cacheManagerCustomizers' of type [org.springframework.boot.autoconfigure.cache.CacheManagerCustomizers] is not eligible for getting processed by all BeanPostProcessors (for example: not eligible for auto-proxying)
2017-12-22 16:56:41,705 INFO [org.springframework.context.support.PostProcessorRegistrationDelegate$BeanPostProcessorChecker:325] Bean 'org.springframework.boot.autoconfigure.cache.SimpleCacheConfiguration' of type [org.springframework.boot.autoconfigure.cache.SimpleCacheConfiguration$$EnhancerBySpringCGLIB$$7abc8d0c] is not eligible for getting processed by all BeanPostProcessors (for example: not eligible for auto-proxying)
2017-12-22 16:56:41,786 INFO [org.springframework.context.support.PostProcessorRegistrationDelegate$BeanPostProcessorChecker:325] Bean 'cacheManager' of type [org.springframework.cache.concurrent.ConcurrentMapCacheManager] is not eligible for getting processed by all BeanPostProcessors (for example: not eligible for auto-proxying)
2017-12-22 16:56:41,822 INFO [org.springframework.context.support.PostProcessorRegistrationDelegate$BeanPostProcessorChecker:325] Bean 'cacheAutoConfigurationValidator' of type [org.springframework.boot.autoconfigure.cache.CacheAutoConfiguration$CacheManagerValidator] is not eligible for getting processed by all BeanPostProcessors (for example: not eligible for auto-proxying)
2017-12-22 16:56:41,924 INFO [org.springframework.context.support.PostProcessorRegistrationDelegate$BeanPostProcessorChecker:325] Bean 'org.springframework.cloud.autoconfigure.ConfigurationPropertiesRebinderAutoConfiguration' of type [org.springframework.cloud.autoconfigure.ConfigurationPropertiesRebinderAutoConfiguration$$EnhancerBySpringCGLIB$$b7b52266] is not eligible for getting processed by all BeanPostProcessors (for example: not eligible for auto-proxying)
2017-12-22 16:56:45,758 INFO [org.springframework.boot.context.embedded.tomcat.TomcatEmbeddedServletContainer:89] Tomcat initialized with port(s): 19091 (http)
2017-12-22 16:56:45,796 INFO [org.apache.juli.logging.DirectJDKLog:179] Starting service [Tomcat]
2017-12-22 16:56:45,800 INFO [org.apache.juli.logging.DirectJDKLog:179] Starting Servlet Engine: Apache Tomcat/8.5.20
2017-12-22 16:56:46,318 INFO [org.apache.juli.logging.DirectJDKLog:179] Initializing Spring embedded WebApplicationContext
2017-12-22 16:56:46,319 INFO [org.springframework.boot.context.embedded.EmbeddedWebApplicationContext:276] Root WebApplicationContext: initialization completed in 14875 ms
2017-12-22 16:56:48,914 INFO [org.springframework.boot.web.servlet.ServletRegistrationBean:190] Mapping servlet: 'dispatcherServlet' to [/]
2017-12-22 16:56:48,918 INFO [org.springframework.boot.web.servlet.ServletRegistrationBean:190] Mapping servlet: 'com.iebm.pfds.commons.config.servlet.DruidStatViewServlet' to [/druid/*]
2017-12-22 16:56:48,940 INFO [org.springframework.boot.web.servlet.AbstractFilterRegistrationBean:258] Mapping filter: 'characterEncodingFilter' to: [/*]
2017-12-22 16:56:48,941 INFO [org.springframework.boot.web.servlet.AbstractFilterRegistrationBean:258] Mapping filter: 'hiddenHttpMethodFilter' to: [/*]
2017-12-22 16:56:48,942 INFO [org.springframework.boot.web.servlet.AbstractFilterRegistrationBean:258] Mapping filter: 'httpPutFormContentFilter' to: [/*]
2017-12-22 16:56:48,943 INFO [org.springframework.boot.web.servlet.AbstractFilterRegistrationBean:258] Mapping filter: 'requestContextFilter' to: [/*]
2017-12-22 16:56:48,943 INFO [org.springframework.boot.web.servlet.AbstractFilterRegistrationBean:271] Mapping filter: 'com.iebm.pfds.commons.config.filter.CorsFilter' to urls: [/*]
2017-12-22 16:56:48,944 INFO [org.springframework.boot.web.servlet.AbstractFilterRegistrationBean:271] Mapping filter: 'druidWebStatFilter' to urls: [/*]
2017-12-22 16:56:49,815 INFO [com.iebm.pfds.commons.config.DruidConfiguration$Druid:46] DruidConfiguration init completed................
2017-12-22 16:56:53,094 INFO [com.alibaba.druid.pool.DruidDataSource:715] {dataSource-1} inited
2017-12-22 16:56:53,408 INFO [org.springframework.orm.jpa.LocalContainerEntityManagerFactoryBean:349] Building JPA container EntityManagerFactory for persistence unit 'default'
2017-12-22 16:56:53,563 INFO [org.hibernate.jpa.internal.util.LogHelper:31] HHH000204: Processing PersistenceUnitInfo [
	name: default
	...]
2017-12-22 16:56:54,327 INFO [org.hibernate.Version:37] HHH000412: Hibernate Core {5.0.12.Final}
2017-12-22 16:56:54,332 INFO [org.hibernate.cfg.Environment:213] HHH000206: hibernate.properties not found
2017-12-22 16:56:54,339 INFO [org.hibernate.cfg.Environment:317] HHH000021: Bytecode provider name : javassist
2017-12-22 16:56:54,716 INFO [org.hibernate.annotations.common.reflection.java.JavaReflectionManager:66] HCANN000001: Hibernate Commons Annotations {5.0.1.Final}
2017-12-22 16:56:55,337 INFO [org.hibernate.dialect.Dialect:156] HHH000400: Using dialect: org.hibernate.dialect.MySQL5Dialect
2017-12-22 16:56:57,638 INFO [org.springframework.orm.jpa.AbstractEntityManagerFactoryBean:379] Initialized JPA EntityManagerFactory for persistence unit 'default'
2017-12-22 16:57:08,562 INFO [org.springframework.web.servlet.mvc.method.annotation.RequestMappingHandlerAdapter:534] Looking for @ControllerAdvice: org.springframework.boot.context.embedded.AnnotationConfigEmbeddedWebApplicationContext@5c906de2: startup date [Fri Dec 22 16:56:31 CST 2017]; parent: org.springframework.context.annotation.AnnotationConfigApplicationContext@2aac0af9
2017-12-22 16:57:10,157 INFO [org.springframework.web.servlet.handler.AbstractHandlerMethodMapping$MappingRegistry:543] Mapped "{[/user/{userId}],methods=[GET]}" onto public com.iebm.pfds.commons.core.web.ResponseMessage com.iebm.pfds.user.controller.UserController.getByUserId(java.lang.Long)
2017-12-22 16:57:10,170 INFO [org.springframework.web.servlet.handler.AbstractHandlerMethodMapping$MappingRegistry:543] Mapped "{[/error]}" onto public org.springframework.http.ResponseEntity<java.util.Map<java.lang.String, java.lang.Object>> org.springframework.boot.autoconfigure.web.BasicErrorController.error(javax.servlet.http.HttpServletRequest)
2017-12-22 16:57:10,206 INFO [org.springframework.web.servlet.handler.AbstractHandlerMethodMapping$MappingRegistry:543] Mapped "{[/error],produces=[text/html]}" onto public org.springframework.web.servlet.ModelAndView org.springframework.boot.autoconfigure.web.BasicErrorController.errorHtml(javax.servlet.http.HttpServletRequest,javax.servlet.http.HttpServletResponse)
2017-12-22 16:57:12,161 INFO [org.springframework.web.servlet.handler.AbstractUrlHandlerMapping:362] Mapped URL path [/webjars/**] onto handler of type [class org.springframework.web.servlet.resource.ResourceHttpRequestHandler]
2017-12-22 16:57:12,162 INFO [org.springframework.web.servlet.handler.AbstractUrlHandlerMapping:362] Mapped URL path [/**] onto handler of type [class org.springframework.web.servlet.resource.ResourceHttpRequestHandler]
2017-12-22 16:57:12,422 INFO [org.springframework.web.servlet.mvc.method.annotation.ExceptionHandlerExceptionResolver:273] Detected @ExceptionHandler methods in controllerEnhancerment
2017-12-22 16:57:12,841 INFO [org.springframework.web.servlet.handler.AbstractUrlHandlerMapping:362] Mapped URL path [/**/favicon.ico] onto handler of type [class org.springframework.web.servlet.resource.ResourceHttpRequestHandler]
2017-12-22 16:57:20,776 INFO [org.springframework.boot.devtools.autoconfigure.OptionalLiveReloadServer:58] LiveReload server is running on port 35729
2017-12-22 16:57:22,314 WARN [com.netflix.config.sources.URLConfigurationSource:121] No URLs will be polled as dynamic configuration sources.
2017-12-22 16:57:22,315 INFO [com.netflix.config.sources.URLConfigurationSource:122] To enable URLs as dynamic configuration sources, define System property archaius.configurationSource.additionalUrls or make config.properties available on classpath.
2017-12-22 16:57:22,357 WARN [com.netflix.config.sources.URLConfigurationSource:121] No URLs will be polled as dynamic configuration sources.
2017-12-22 16:57:22,358 INFO [com.netflix.config.sources.URLConfigurationSource:122] To enable URLs as dynamic configuration sources, define System property archaius.configurationSource.additionalUrls or make config.properties available on classpath.
2017-12-22 16:57:24,043 INFO [org.springframework.jmx.export.MBeanExporter:431] Registering beans for JMX exposure on startup
2017-12-22 16:57:24,049 INFO [org.springframework.jmx.export.MBeanExporter:916] Bean with name 'dataSource' has been autodetected for JMX exposure
2017-12-22 16:57:24,106 INFO [org.springframework.jmx.export.MBeanExporter:916] Bean with name 'refreshScope' has been autodetected for JMX exposure
2017-12-22 16:57:24,108 INFO [org.springframework.jmx.export.MBeanExporter:916] Bean with name 'environmentManager' has been autodetected for JMX exposure
2017-12-22 16:57:24,113 INFO [org.springframework.jmx.export.MBeanExporter:916] Bean with name 'configurationPropertiesRebinder' has been autodetected for JMX exposure
2017-12-22 16:57:24,125 INFO [org.springframework.jmx.export.MBeanExporter:678] Located managed bean 'environmentManager': registering with JMX server as MBean [org.springframework.cloud.context.environment:name=environmentManager,type=EnvironmentManager]
2017-12-22 16:57:24,210 INFO [org.springframework.jmx.export.MBeanExporter:678] Located managed bean 'refreshScope': registering with JMX server as MBean [org.springframework.cloud.context.scope.refresh:name=refreshScope,type=RefreshScope]
2017-12-22 16:57:24,381 INFO [org.springframework.jmx.export.MBeanExporter:678] Located managed bean 'configurationPropertiesRebinder': registering with JMX server as MBean [org.springframework.cloud.context.properties:name=configurationPropertiesRebinder,context=5c906de2,type=ConfigurationPropertiesRebinder]
2017-12-22 16:57:24,435 INFO [org.springframework.jmx.export.MBeanExporter:671] Located MBean 'dataSource': registering with JMX server as MBean [com.alibaba.druid.pool:name=dataSource,type=DruidDataSource]
2017-12-22 16:57:25,538 INFO [org.springframework.context.support.DefaultLifecycleProcessor$LifecycleGroup:343] Starting beans in phase 0
2017-12-22 16:57:25,578 INFO [org.springframework.cloud.netflix.eureka.InstanceInfoFactory:70] Setting initial instance status as: STARTING
2017-12-22 16:57:27,138 INFO [com.netflix.discovery.provider.DiscoveryJerseyProvider:70] Using JSON encoding codec LegacyJacksonJson
2017-12-22 16:57:27,140 INFO [com.netflix.discovery.provider.DiscoveryJerseyProvider:71] Using JSON decoding codec LegacyJacksonJson
2017-12-22 16:57:27,787 INFO [com.netflix.discovery.provider.DiscoveryJerseyProvider:80] Using XML encoding codec XStreamXml
2017-12-22 16:57:27,788 INFO [com.netflix.discovery.provider.DiscoveryJerseyProvider:81] Using XML decoding codec XStreamXml
2017-12-22 16:57:29,725 INFO [com.netflix.discovery.shared.resolver.aws.ConfigClusterResolver:43] Resolving eureka endpoints via configuration
2017-12-22 16:57:30,137 INFO [com.netflix.discovery.DiscoveryClient:937] Disable delta property : false
2017-12-22 16:57:30,139 INFO [com.netflix.discovery.DiscoveryClient:938] Single vip registry refresh property : null
2017-12-22 16:57:30,143 INFO [com.netflix.discovery.DiscoveryClient:939] Force full registry fetch : false
2017-12-22 16:57:30,146 INFO [com.netflix.discovery.DiscoveryClient:940] Application is null : false
2017-12-22 16:57:30,147 INFO [com.netflix.discovery.DiscoveryClient:941] Registered Applications size is zero : true
2017-12-22 16:57:30,149 INFO [com.netflix.discovery.DiscoveryClient:943] Application version is -1: true
2017-12-22 16:57:30,150 INFO [com.netflix.discovery.DiscoveryClient:1026] Getting all instance registry info from the eureka server
2017-12-22 16:57:31,048 INFO [com.netflix.discovery.DiscoveryClient:1035] The response status is 200
2017-12-22 16:57:31,060 INFO [com.netflix.discovery.DiscoveryClient:1261] Starting heartbeat executor: renew interval is: 5
2017-12-22 16:57:31,080 INFO [com.netflix.discovery.InstanceInfoReplicator:59] InstanceInfoReplicator onDemand update allowed rate per min is 4
2017-12-22 16:57:31,093 INFO [com.netflix.discovery.DiscoveryClient:461] Discovery Client initialized at timestamp 1513933051091 with initial instances count: 0
2017-12-22 16:57:31,790 INFO [org.springframework.cloud.netflix.eureka.EurekaDiscoveryClientConfiguration:100] Registering application pfds-user with eureka with status UP
2017-12-22 16:57:31,797 INFO [com.netflix.discovery.DiscoveryClient$3:1296] Saw local status change event StatusChangeEvent [timestamp=1513933051797, current=UP, previous=STARTING]
2017-12-22 16:57:31,809 INFO [com.netflix.discovery.DiscoveryClient:812] DiscoveryClient_PFDS-USER/PC-20160606PUVI:pfds-user:19091: registering service...
2017-12-22 16:57:32,045 INFO [org.apache.juli.logging.DirectJDKLog:179] Initializing ProtocolHandler ["http-nio-19091"]
2017-12-22 16:57:32,193 INFO [org.apache.juli.logging.DirectJDKLog:179] Starting ProtocolHandler ["http-nio-19091"]
2017-12-22 16:57:32,267 INFO [org.apache.juli.logging.DirectJDKLog:179] Using a shared selector for servlet write/read
2017-12-22 16:57:32,299 INFO [com.netflix.discovery.DiscoveryClient:821] DiscoveryClient_PFDS-USER/PC-20160606PUVI:pfds-user:19091 - registration status: 204
2017-12-22 16:57:32,405 INFO [org.springframework.boot.context.embedded.tomcat.TomcatEmbeddedServletContainer:201] Tomcat started on port(s): 19091 (http)
2017-12-22 16:57:32,408 INFO [org.springframework.cloud.netflix.eureka.EurekaDiscoveryClientConfiguration:168] Updating port to 19091
2017-12-22 16:57:32,424 INFO [org.springframework.boot.StartupInfoLogger:57] Started UserStarter in 66.258 seconds (JVM running for 68.158)
2017-12-22 16:57:36,060 INFO [com.netflix.discovery.DiscoveryClient:937] Disable delta property : false
2017-12-22 16:57:36,065 INFO [com.netflix.discovery.DiscoveryClient:938] Single vip registry refresh property : null
2017-12-22 16:57:36,070 INFO [com.netflix.discovery.DiscoveryClient:939] Force full registry fetch : false
2017-12-22 16:57:36,072 INFO [com.netflix.discovery.DiscoveryClient:940] Application is null : false
2017-12-22 16:57:36,075 INFO [com.netflix.discovery.DiscoveryClient:941] Registered Applications size is zero : true
2017-12-22 16:57:36,078 INFO [com.netflix.discovery.DiscoveryClient:943] Application version is -1: false
2017-12-22 16:57:36,079 INFO [com.netflix.discovery.DiscoveryClient:1026] Getting all instance registry info from the eureka server
2017-12-22 16:57:36,092 INFO [com.netflix.discovery.DiscoveryClient:1035] The response status is 200
2017-12-22 16:57:41,102 INFO [com.netflix.discovery.DiscoveryClient:937] Disable delta property : false
2017-12-22 16:57:41,103 INFO [com.netflix.discovery.DiscoveryClient:938] Single vip registry refresh property : null
2017-12-22 16:57:41,103 INFO [com.netflix.discovery.DiscoveryClient:939] Force full registry fetch : false
2017-12-22 16:57:41,103 INFO [com.netflix.discovery.DiscoveryClient:940] Application is null : false
2017-12-22 16:57:41,104 INFO [com.netflix.discovery.DiscoveryClient:941] Registered Applications size is zero : true
2017-12-22 16:57:41,104 INFO [com.netflix.discovery.DiscoveryClient:943] Application version is -1: false
2017-12-22 16:57:41,105 INFO [com.netflix.discovery.DiscoveryClient:1026] Getting all instance registry info from the eureka server
2017-12-22 16:57:41,108 INFO [com.netflix.discovery.DiscoveryClient:1035] The response status is 200
2017-12-22 16:57:46,110 INFO [com.netflix.discovery.DiscoveryClient:937] Disable delta property : false
2017-12-22 16:57:46,111 INFO [com.netflix.discovery.DiscoveryClient:938] Single vip registry refresh property : null
2017-12-22 16:57:46,111 INFO [com.netflix.discovery.DiscoveryClient:939] Force full registry fetch : false
2017-12-22 16:57:46,112 INFO [com.netflix.discovery.DiscoveryClient:940] Application is null : false
2017-12-22 16:57:46,112 INFO [com.netflix.discovery.DiscoveryClient:941] Registered Applications size is zero : true
2017-12-22 16:57:46,112 INFO [com.netflix.discovery.DiscoveryClient:943] Application version is -1: false
2017-12-22 16:57:46,112 INFO [com.netflix.discovery.DiscoveryClient:1026] Getting all instance registry info from the eureka server
2017-12-22 16:57:46,116 INFO [com.netflix.discovery.DiscoveryClient:1035] The response status is 200
2017-12-22 16:57:51,119 INFO [com.netflix.discovery.DiscoveryClient:937] Disable delta property : false
2017-12-22 16:57:51,120 INFO [com.netflix.discovery.DiscoveryClient:938] Single vip registry refresh property : null
2017-12-22 16:57:51,120 INFO [com.netflix.discovery.DiscoveryClient:939] Force full registry fetch : false
2017-12-22 16:57:51,121 INFO [com.netflix.discovery.DiscoveryClient:940] Application is null : false
2017-12-22 16:57:51,122 INFO [com.netflix.discovery.DiscoveryClient:941] Registered Applications size is zero : true
2017-12-22 16:57:51,122 INFO [com.netflix.discovery.DiscoveryClient:943] Application version is -1: false
2017-12-22 16:57:51,122 INFO [com.netflix.discovery.DiscoveryClient:1026] Getting all instance registry info from the eureka server
2017-12-22 16:57:51,193 INFO [com.netflix.discovery.DiscoveryClient:1035] The response status is 200
2017-12-22 16:58:30,101 INFO [org.apache.juli.logging.DirectJDKLog:179] Initializing Spring FrameworkServlet 'dispatcherServlet'
2017-12-22 16:58:30,102 INFO [org.springframework.web.servlet.FrameworkServlet:489] FrameworkServlet 'dispatcherServlet': initialization started
2017-12-22 16:58:30,391 INFO [org.springframework.web.servlet.FrameworkServlet:508] FrameworkServlet 'dispatcherServlet': initialization completed in 288 ms
2017-12-22 16:59:12,793 INFO [org.hibernate.hql.internal.QueryTranslatorFactoryInitiator:47] HHH000397: Using ASTQueryTranslatorFactory
2017-12-22 17:22:01,614 INFO [org.springframework.context.support.AbstractApplicationContext:583] Refreshing org.springframework.context.annotation.AnnotationConfigApplicationContext@7668cf2e: startup date [Fri Dec 22 17:22:01 CST 2017]; root of context hierarchy
2017-12-22 17:22:03,028 INFO [org.springframework.beans.factory.annotation.AutowiredAnnotationBeanPostProcessor:155] JSR-330 'javax.inject.Inject' annotation found and supported for autowiring
2017-12-22 17:22:03,133 INFO [org.hibernate.validator.internal.util.Version:30] HV000001: Hibernate Validator 5.3.5.Final
2017-12-22 17:22:03,372 INFO [org.springframework.context.support.PostProcessorRegistrationDelegate$BeanPostProcessorChecker:325] Bean 'configurationPropertiesRebinderAutoConfiguration' of type [org.springframework.cloud.autoconfigure.ConfigurationPropertiesRebinderAutoConfiguration$$EnhancerBySpringCGLIB$$817bf1a5] is not eligible for getting processed by all BeanPostProcessors (for example: not eligible for auto-proxying)
2017-12-22 17:22:06,536 INFO [org.springframework.boot.SpringApplication:597] The following profiles are active: core
2017-12-22 17:22:06,765 INFO [org.springframework.context.support.AbstractApplicationContext:583] Refreshing org.springframework.boot.context.embedded.AnnotationConfigEmbeddedWebApplicationContext@745be0fb: startup date [Fri Dec 22 17:22:06 CST 2017]; parent: org.springframework.context.annotation.AnnotationConfigApplicationContext@7668cf2e
2017-12-22 17:22:13,176 WARN [org.springframework.context.annotation.AutoProxyRegistrar:82] AutoProxyRegistrar was imported but no annotations were found having both 'mode' and 'proxyTargetClass' attributes of type AdviceMode and boolean respectively. This means that auto proxy creator registration and configuration may not have occurred as intended, and components may not be proxied as expected. Check to ensure that AutoProxyRegistrar has been @Import'ed on the same class where these annotations are declared; otherwise remove the import of AutoProxyRegistrar altogether.
2017-12-22 17:22:14,975 INFO [org.springframework.beans.factory.support.DefaultListableBeanFactory:828] Overriding bean definition for bean 'retryTemplate' with a different definition: replacing [Root bean: class [null]; scope=; abstract=false; lazyInit=false; autowireMode=3; dependencyCheck=0; autowireCandidate=true; primary=false; factoryBeanName=org.springframework.cloud.client.loadbalancer.LoadBalancerAutoConfiguration$RetryAutoConfiguration; factoryMethodName=retryTemplate; initMethodName=null; destroyMethodName=(inferred); defined in class path resource [org/springframework/cloud/client/loadbalancer/LoadBalancerAutoConfiguration$RetryAutoConfiguration.class]] with [Root bean: class [null]; scope=; abstract=false; lazyInit=false; autowireMode=3; dependencyCheck=0; autowireCandidate=true; primary=false; factoryBeanName=org.springframework.cloud.netflix.feign.ribbon.FeignRibbonClientAutoConfiguration; factoryMethodName=retryTemplate; initMethodName=null; destroyMethodName=(inferred); defined in class path resource [org/springframework/cloud/netflix/feign/ribbon/FeignRibbonClientAutoConfiguration.class]]
2017-12-22 17:22:15,888 INFO [org.springframework.cloud.context.scope.GenericScope:263] BeanFactory id=b3198520-b9f8-3f34-9c64-9ef69b2c858d
2017-12-22 17:22:16,185 INFO [org.springframework.beans.factory.annotation.AutowiredAnnotationBeanPostProcessor:155] JSR-330 'javax.inject.Inject' annotation found and supported for autowiring
2017-12-22 17:22:17,193 INFO [org.springframework.context.support.PostProcessorRegistrationDelegate$BeanPostProcessorChecker:325] Bean 'org.springframework.transaction.annotation.ProxyTransactionManagementConfiguration' of type [org.springframework.transaction.annotation.ProxyTransactionManagementConfiguration$$EnhancerBySpringCGLIB$$6561eea8] is not eligible for getting processed by all BeanPostProcessors (for example: not eligible for auto-proxying)
2017-12-22 17:22:18,265 INFO [org.springframework.context.support.PostProcessorRegistrationDelegate$BeanPostProcessorChecker:325] Bean 'org.springframework.cache.annotation.ProxyCachingConfiguration' of type [org.springframework.cache.annotation.ProxyCachingConfiguration$$EnhancerBySpringCGLIB$$ae7424c6] is not eligible for getting processed by all BeanPostProcessors (for example: not eligible for auto-proxying)
2017-12-22 17:22:18,569 INFO [org.springframework.context.support.PostProcessorRegistrationDelegate$BeanPostProcessorChecker:325] Bean 'org.springframework.boot.autoconfigure.cache.CacheAutoConfiguration' of type [org.springframework.boot.autoconfigure.cache.CacheAutoConfiguration$$EnhancerBySpringCGLIB$$a2e7e96a] is not eligible for getting processed by all BeanPostProcessors (for example: not eligible for auto-proxying)
2017-12-22 17:22:18,788 INFO [org.springframework.context.support.PostProcessorRegistrationDelegate$BeanPostProcessorChecker:325] Bean 'spring.cache-org.springframework.boot.autoconfigure.cache.CacheProperties' of type [org.springframework.boot.autoconfigure.cache.CacheProperties] is not eligible for getting processed by all BeanPostProcessors (for example: not eligible for auto-proxying)
2017-12-22 17:22:18,929 INFO [org.springframework.context.support.PostProcessorRegistrationDelegate$BeanPostProcessorChecker:325] Bean 'cacheManagerCustomizers' of type [org.springframework.boot.autoconfigure.cache.CacheManagerCustomizers] is not eligible for getting processed by all BeanPostProcessors (for example: not eligible for auto-proxying)
2017-12-22 17:22:18,964 INFO [org.springframework.context.support.PostProcessorRegistrationDelegate$BeanPostProcessorChecker:325] Bean 'org.springframework.boot.autoconfigure.cache.SimpleCacheConfiguration' of type [org.springframework.boot.autoconfigure.cache.SimpleCacheConfiguration$$EnhancerBySpringCGLIB$$44835c4b] is not eligible for getting processed by all BeanPostProcessors (for example: not eligible for auto-proxying)
2017-12-22 17:22:19,060 INFO [org.springframework.context.support.PostProcessorRegistrationDelegate$BeanPostProcessorChecker:325] Bean 'cacheManager' of type [org.springframework.cache.concurrent.ConcurrentMapCacheManager] is not eligible for getting processed by all BeanPostProcessors (for example: not eligible for auto-proxying)
2017-12-22 17:22:19,135 INFO [org.springframework.context.support.PostProcessorRegistrationDelegate$BeanPostProcessorChecker:325] Bean 'cacheAutoConfigurationValidator' of type [org.springframework.boot.autoconfigure.cache.CacheAutoConfiguration$CacheManagerValidator] is not eligible for getting processed by all BeanPostProcessors (for example: not eligible for auto-proxying)
2017-12-22 17:22:19,230 INFO [org.springframework.context.support.PostProcessorRegistrationDelegate$BeanPostProcessorChecker:325] Bean 'org.springframework.cloud.autoconfigure.ConfigurationPropertiesRebinderAutoConfiguration' of type [org.springframework.cloud.autoconfigure.ConfigurationPropertiesRebinderAutoConfiguration$$EnhancerBySpringCGLIB$$817bf1a5] is not eligible for getting processed by all BeanPostProcessors (for example: not eligible for auto-proxying)
2017-12-22 17:22:24,800 INFO [org.springframework.boot.context.embedded.tomcat.TomcatEmbeddedServletContainer:89] Tomcat initialized with port(s): 19061 (http)
2017-12-22 17:22:24,985 INFO [org.apache.juli.logging.DirectJDKLog:179] Starting service [Tomcat]
2017-12-22 17:22:24,991 INFO [org.apache.juli.logging.DirectJDKLog:179] Starting Servlet Engine: Apache Tomcat/8.5.20
2017-12-22 17:22:26,780 INFO [org.apache.juli.logging.DirectJDKLog:179] Initializing Spring embedded WebApplicationContext
2017-12-22 17:22:26,782 INFO [org.springframework.boot.context.embedded.EmbeddedWebApplicationContext:276] Root WebApplicationContext: initialization completed in 20017 ms
2017-12-22 17:22:30,400 INFO [org.springframework.boot.web.servlet.ServletRegistrationBean:190] Mapping servlet: 'dispatcherServlet' to [/]
2017-12-22 17:22:30,408 INFO [org.springframework.boot.web.servlet.ServletRegistrationBean:190] Mapping servlet: 'com.iebm.pfds.commons.config.servlet.DruidStatViewServlet' to [/druid/*]
2017-12-22 17:22:30,456 INFO [org.springframework.boot.web.servlet.AbstractFilterRegistrationBean:258] Mapping filter: 'characterEncodingFilter' to: [/*]
2017-12-22 17:22:30,458 INFO [org.springframework.boot.web.servlet.AbstractFilterRegistrationBean:258] Mapping filter: 'hiddenHttpMethodFilter' to: [/*]
2017-12-22 17:22:30,460 INFO [org.springframework.boot.web.servlet.AbstractFilterRegistrationBean:258] Mapping filter: 'httpPutFormContentFilter' to: [/*]
2017-12-22 17:22:30,461 INFO [org.springframework.boot.web.servlet.AbstractFilterRegistrationBean:258] Mapping filter: 'requestContextFilter' to: [/*]
2017-12-22 17:22:30,462 INFO [org.springframework.boot.web.servlet.AbstractFilterRegistrationBean:271] Mapping filter: 'com.iebm.pfds.commons.config.filter.CorsFilter' to urls: [/*]
2017-12-22 17:22:30,462 INFO [org.springframework.boot.web.servlet.AbstractFilterRegistrationBean:271] Mapping filter: 'druidWebStatFilter' to urls: [/*]
2017-12-22 17:22:31,514 INFO [com.iebm.pfds.commons.config.DruidConfiguration$Druid:46] DruidConfiguration init completed................
2017-12-22 17:22:35,463 INFO [com.alibaba.druid.pool.DruidDataSource:715] {dataSource-1} inited
2017-12-22 17:22:35,894 INFO [org.springframework.orm.jpa.LocalContainerEntityManagerFactoryBean:349] Building JPA container EntityManagerFactory for persistence unit 'default'
2017-12-22 17:22:35,960 INFO [org.hibernate.jpa.internal.util.LogHelper:31] HHH000204: Processing PersistenceUnitInfo [
	name: default
	...]
2017-12-22 17:22:36,521 INFO [org.hibernate.Version:37] HHH000412: Hibernate Core {5.0.12.Final}
2017-12-22 17:22:36,530 INFO [org.hibernate.cfg.Environment:213] HHH000206: hibernate.properties not found
2017-12-22 17:22:36,536 INFO [org.hibernate.cfg.Environment:317] HHH000021: Bytecode provider name : javassist
2017-12-22 17:22:36,902 INFO [org.hibernate.annotations.common.reflection.java.JavaReflectionManager:66] HCANN000001: Hibernate Commons Annotations {5.0.1.Final}
2017-12-22 17:22:37,805 INFO [org.hibernate.dialect.Dialect:156] HHH000400: Using dialect: org.hibernate.dialect.MySQL5Dialect
2017-12-22 17:22:40,456 INFO [org.springframework.orm.jpa.AbstractEntityManagerFactoryBean:379] Initialized JPA EntityManagerFactory for persistence unit 'default'
2017-12-22 17:22:54,885 INFO [org.springframework.web.servlet.mvc.method.annotation.RequestMappingHandlerAdapter:534] Looking for @ControllerAdvice: org.springframework.boot.context.embedded.AnnotationConfigEmbeddedWebApplicationContext@745be0fb: startup date [Fri Dec 22 17:22:06 CST 2017]; parent: org.springframework.context.annotation.AnnotationConfigApplicationContext@7668cf2e
2017-12-22 17:22:55,866 INFO [org.springframework.web.servlet.handler.AbstractHandlerMethodMapping$MappingRegistry:543] Mapped "{[/user/{userId}],methods=[GET]}" onto public com.iebm.pfds.commons.core.web.ResponseMessage com.iebm.pfds.user.controller.UserController.getByUserId(java.lang.Long)
2017-12-22 17:22:55,877 INFO [org.springframework.web.servlet.handler.AbstractHandlerMethodMapping$MappingRegistry:543] Mapped "{[/error]}" onto public org.springframework.http.ResponseEntity<java.util.Map<java.lang.String, java.lang.Object>> org.springframework.boot.autoconfigure.web.BasicErrorController.error(javax.servlet.http.HttpServletRequest)
2017-12-22 17:22:55,879 INFO [org.springframework.web.servlet.handler.AbstractHandlerMethodMapping$MappingRegistry:543] Mapped "{[/error],produces=[text/html]}" onto public org.springframework.web.servlet.ModelAndView org.springframework.boot.autoconfigure.web.BasicErrorController.errorHtml(javax.servlet.http.HttpServletRequest,javax.servlet.http.HttpServletResponse)
2017-12-22 17:22:56,865 INFO [org.springframework.web.servlet.handler.AbstractUrlHandlerMapping:362] Mapped URL path [/webjars/**] onto handler of type [class org.springframework.web.servlet.resource.ResourceHttpRequestHandler]
2017-12-22 17:22:56,866 INFO [org.springframework.web.servlet.handler.AbstractUrlHandlerMapping:362] Mapped URL path [/**] onto handler of type [class org.springframework.web.servlet.resource.ResourceHttpRequestHandler]
2017-12-22 17:22:57,052 INFO [org.springframework.web.servlet.mvc.method.annotation.ExceptionHandlerExceptionResolver:273] Detected @ExceptionHandler methods in controllerEnhancerment
2017-12-22 17:22:57,525 INFO [org.springframework.web.servlet.handler.AbstractUrlHandlerMapping:362] Mapped URL path [/**/favicon.ico] onto handler of type [class org.springframework.web.servlet.resource.ResourceHttpRequestHandler]
2017-12-22 17:23:05,184 WARN [org.springframework.boot.devtools.autoconfigure.OptionalLiveReloadServer:62] Unable to start LiveReload server
2017-12-22 17:23:06,862 WARN [com.netflix.config.sources.URLConfigurationSource:121] No URLs will be polled as dynamic configuration sources.
2017-12-22 17:23:06,864 INFO [com.netflix.config.sources.URLConfigurationSource:122] To enable URLs as dynamic configuration sources, define System property archaius.configurationSource.additionalUrls or make config.properties available on classpath.
2017-12-22 17:23:06,920 WARN [com.netflix.config.sources.URLConfigurationSource:121] No URLs will be polled as dynamic configuration sources.
2017-12-22 17:23:06,921 INFO [com.netflix.config.sources.URLConfigurationSource:122] To enable URLs as dynamic configuration sources, define System property archaius.configurationSource.additionalUrls or make config.properties available on classpath.
2017-12-22 17:23:08,170 INFO [org.springframework.jmx.export.MBeanExporter:431] Registering beans for JMX exposure on startup
2017-12-22 17:23:08,176 INFO [org.springframework.jmx.export.MBeanExporter:916] Bean with name 'dataSource' has been autodetected for JMX exposure
2017-12-22 17:23:08,224 INFO [org.springframework.jmx.export.MBeanExporter:916] Bean with name 'refreshScope' has been autodetected for JMX exposure
2017-12-22 17:23:08,226 INFO [org.springframework.jmx.export.MBeanExporter:916] Bean with name 'environmentManager' has been autodetected for JMX exposure
2017-12-22 17:23:08,230 INFO [org.springframework.jmx.export.MBeanExporter:916] Bean with name 'configurationPropertiesRebinder' has been autodetected for JMX exposure
2017-12-22 17:23:08,252 INFO [org.springframework.jmx.export.MBeanExporter:678] Located managed bean 'environmentManager': registering with JMX server as MBean [org.springframework.cloud.context.environment:name=environmentManager,type=EnvironmentManager]
2017-12-22 17:23:08,319 INFO [org.springframework.jmx.export.MBeanExporter:678] Located managed bean 'refreshScope': registering with JMX server as MBean [org.springframework.cloud.context.scope.refresh:name=refreshScope,type=RefreshScope]
2017-12-22 17:23:08,418 INFO [org.springframework.jmx.export.MBeanExporter:678] Located managed bean 'configurationPropertiesRebinder': registering with JMX server as MBean [org.springframework.cloud.context.properties:name=configurationPropertiesRebinder,context=745be0fb,type=ConfigurationPropertiesRebinder]
2017-12-22 17:23:08,459 INFO [org.springframework.jmx.export.MBeanExporter:671] Located MBean 'dataSource': registering with JMX server as MBean [com.alibaba.druid.pool:name=dataSource,type=DruidDataSource]
2017-12-22 17:23:09,524 INFO [org.springframework.context.support.DefaultLifecycleProcessor$LifecycleGroup:343] Starting beans in phase 0
2017-12-22 17:23:09,553 INFO [org.springframework.cloud.netflix.eureka.InstanceInfoFactory:70] Setting initial instance status as: STARTING
2017-12-22 17:23:11,295 INFO [com.netflix.discovery.provider.DiscoveryJerseyProvider:70] Using JSON encoding codec LegacyJacksonJson
2017-12-22 17:23:11,298 INFO [com.netflix.discovery.provider.DiscoveryJerseyProvider:71] Using JSON decoding codec LegacyJacksonJson
2017-12-22 17:23:11,944 INFO [com.netflix.discovery.provider.DiscoveryJerseyProvider:80] Using XML encoding codec XStreamXml
2017-12-22 17:23:11,945 INFO [com.netflix.discovery.provider.DiscoveryJerseyProvider:81] Using XML decoding codec XStreamXml
2017-12-22 17:23:13,792 INFO [com.netflix.discovery.shared.resolver.aws.ConfigClusterResolver:43] Resolving eureka endpoints via configuration
2017-12-22 17:23:14,230 INFO [com.netflix.discovery.DiscoveryClient:937] Disable delta property : false
2017-12-22 17:23:14,231 INFO [com.netflix.discovery.DiscoveryClient:938] Single vip registry refresh property : null
2017-12-22 17:23:14,233 INFO [com.netflix.discovery.DiscoveryClient:939] Force full registry fetch : false
2017-12-22 17:23:14,234 INFO [com.netflix.discovery.DiscoveryClient:940] Application is null : false
2017-12-22 17:23:14,234 INFO [com.netflix.discovery.DiscoveryClient:941] Registered Applications size is zero : true
2017-12-22 17:23:14,236 INFO [com.netflix.discovery.DiscoveryClient:943] Application version is -1: true
2017-12-22 17:23:14,238 INFO [com.netflix.discovery.DiscoveryClient:1026] Getting all instance registry info from the eureka server
2017-12-22 17:23:15,239 INFO [com.netflix.discovery.DiscoveryClient:1035] The response status is 200
2017-12-22 17:23:15,247 INFO [com.netflix.discovery.DiscoveryClient:1261] Starting heartbeat executor: renew interval is: 5
2017-12-22 17:23:15,257 INFO [com.netflix.discovery.InstanceInfoReplicator:59] InstanceInfoReplicator onDemand update allowed rate per min is 4
2017-12-22 17:23:15,285 INFO [com.netflix.discovery.DiscoveryClient:461] Discovery Client initialized at timestamp 1513934595282 with initial instances count: 1
2017-12-22 17:23:15,840 INFO [org.springframework.cloud.netflix.eureka.EurekaDiscoveryClientConfiguration:100] Registering application pfds-user with eureka with status UP
2017-12-22 17:23:15,843 INFO [com.netflix.discovery.DiscoveryClient$3:1296] Saw local status change event StatusChangeEvent [timestamp=1513934595843, current=UP, previous=STARTING]
2017-12-22 17:23:15,899 INFO [com.netflix.discovery.DiscoveryClient:812] DiscoveryClient_PFDS-USER/PC-20160606PUVI:pfds-user:19061: registering service...
2017-12-22 17:23:15,989 INFO [org.apache.juli.logging.DirectJDKLog:179] Initializing ProtocolHandler ["http-nio-19061"]
2017-12-22 17:23:16,117 INFO [com.netflix.discovery.DiscoveryClient:821] DiscoveryClient_PFDS-USER/PC-20160606PUVI:pfds-user:19061 - registration status: 204
2017-12-22 17:23:16,124 INFO [org.apache.juli.logging.DirectJDKLog:179] Starting ProtocolHandler ["http-nio-19061"]
2017-12-22 17:23:16,306 INFO [org.apache.juli.logging.DirectJDKLog:179] Using a shared selector for servlet write/read
2017-12-22 17:23:16,518 INFO [org.springframework.boot.context.embedded.tomcat.TomcatEmbeddedServletContainer:201] Tomcat started on port(s): 19061 (http)
2017-12-22 17:23:16,520 INFO [org.springframework.cloud.netflix.eureka.EurekaDiscoveryClientConfiguration:168] Updating port to 19061
2017-12-22 17:23:16,536 INFO [org.springframework.boot.StartupInfoLogger:57] Started UserStarter in 80.031 seconds (JVM running for 82.629)
2017-12-22 17:24:42,724 INFO [org.apache.juli.logging.DirectJDKLog:179] Initializing Spring FrameworkServlet 'dispatcherServlet'
2017-12-22 17:24:42,725 INFO [org.springframework.web.servlet.FrameworkServlet:489] FrameworkServlet 'dispatcherServlet': initialization started
2017-12-22 17:24:43,044 INFO [org.springframework.web.servlet.FrameworkServlet:508] FrameworkServlet 'dispatcherServlet': initialization completed in 318 ms
2017-12-22 17:24:43,608 INFO [org.hibernate.hql.internal.QueryTranslatorFactoryInitiator:47] HHH000397: Using ASTQueryTranslatorFactory
2017-12-22 17:28:14,244 INFO [com.netflix.discovery.shared.resolver.aws.ConfigClusterResolver:43] Resolving eureka endpoints via configuration
2017-12-22 17:33:14,251 INFO [com.netflix.discovery.shared.resolver.aws.ConfigClusterResolver:43] Resolving eureka endpoints via configuration
2017-12-22 17:38:14,256 INFO [com.netflix.discovery.shared.resolver.aws.ConfigClusterResolver:43] Resolving eureka endpoints via configuration
