2017-12-26 09:38:00,784 INFO [org.springframework.context.support.AbstractApplicationContext:583] Refreshing org.springframework.context.annotation.AnnotationConfigApplicationContext@49e53c76: startup date [Tue Dec 26 09:38:00 CST 2017]; root of context hierarchy
2017-12-26 09:38:01,781 INFO [org.hibernate.validator.internal.util.Version:30] HV000001: Hibernate Validator 5.3.5.Final
2017-12-26 09:38:02,072 INFO [org.springframework.beans.factory.annotation.AutowiredAnnotationBeanPostProcessor:155] JSR-330 'javax.inject.Inject' annotation found and supported for autowiring
2017-12-26 09:38:02,288 INFO [org.springframework.context.support.PostProcessorRegistrationDelegate$BeanPostProcessorChecker:325] Bean 'configurationPropertiesRebinderAutoConfiguration' of type [org.springframework.cloud.autoconfigure.ConfigurationPropertiesRebinderAutoConfiguration$$EnhancerBySpringCGLIB$$e167a20b] is not eligible for getting processed by all BeanPostProcessors (for example: not eligible for auto-proxying)
2017-12-26 09:38:04,044 INFO [org.springframework.boot.SpringApplication:597] The following profiles are active: core
2017-12-26 09:38:04,159 INFO [org.springframework.context.support.AbstractApplicationContext:583] Refreshing org.springframework.boot.context.embedded.AnnotationConfigEmbeddedWebApplicationContext@58fe0499: startup date [Tue Dec 26 09:38:04 CST 2017]; parent: org.springframework.context.annotation.AnnotationConfigApplicationContext@49e53c76
2017-12-26 09:38:06,840 WARN [org.springframework.context.annotation.AutoProxyRegistrar:82] AutoProxyRegistrar was imported but no annotations were found having both 'mode' and 'proxyTargetClass' attributes of type AdviceMode and boolean respectively. This means that auto proxy creator registration and configuration may not have occurred as intended, and components may not be proxied as expected. Check to ensure that AutoProxyRegistrar has been @Import'ed on the same class where these annotations are declared; otherwise remove the import of AutoProxyRegistrar altogether.
2017-12-26 09:38:07,862 INFO [org.springframework.cloud.context.scope.GenericScope:263] BeanFactory id=20fa1130-19d5-34d7-ab74-4dcf830652be
2017-12-26 09:38:08,052 INFO [org.springframework.beans.factory.annotation.AutowiredAnnotationBeanPostProcessor:155] JSR-330 'javax.inject.Inject' annotation found and supported for autowiring
2017-12-26 09:38:08,937 INFO [org.springframework.context.support.PostProcessorRegistrationDelegate$BeanPostProcessorChecker:325] Bean 'org.springframework.transaction.annotation.ProxyTransactionManagementConfiguration' of type [org.springframework.transaction.annotation.ProxyTransactionManagementConfiguration$$EnhancerBySpringCGLIB$$c54d9f0e] is not eligible for getting processed by all BeanPostProcessors (for example: not eligible for auto-proxying)
2017-12-26 09:38:09,552 INFO [org.springframework.context.support.PostProcessorRegistrationDelegate$BeanPostProcessorChecker:325] Bean 'org.springframework.cache.annotation.ProxyCachingConfiguration' of type [org.springframework.cache.annotation.ProxyCachingConfiguration$$EnhancerBySpringCGLIB$$e5fd52c] is not eligible for getting processed by all BeanPostProcessors (for example: not eligible for auto-proxying)
2017-12-26 09:38:09,647 INFO [org.springframework.context.support.PostProcessorRegistrationDelegate$BeanPostProcessorChecker:325] Bean 'org.springframework.boot.autoconfigure.cache.CacheAutoConfiguration' of type [org.springframework.boot.autoconfigure.cache.CacheAutoConfiguration$$EnhancerBySpringCGLIB$$2d399d0] is not eligible for getting processed by all BeanPostProcessors (for example: not eligible for auto-proxying)
2017-12-26 09:38:09,765 INFO [org.springframework.context.support.PostProcessorRegistrationDelegate$BeanPostProcessorChecker:325] Bean 'spring.cache-org.springframework.boot.autoconfigure.cache.CacheProperties' of type [org.springframework.boot.autoconfigure.cache.CacheProperties] is not eligible for getting processed by all BeanPostProcessors (for example: not eligible for auto-proxying)
2017-12-26 09:38:09,918 INFO [org.springframework.context.support.PostProcessorRegistrationDelegate$BeanPostProcessorChecker:325] Bean 'cacheManagerCustomizers' of type [org.springframework.boot.autoconfigure.cache.CacheManagerCustomizers] is not eligible for getting processed by all BeanPostProcessors (for example: not eligible for auto-proxying)
2017-12-26 09:38:09,942 INFO [org.springframework.context.support.PostProcessorRegistrationDelegate$BeanPostProcessorChecker:325] Bean 'org.springframework.boot.autoconfigure.cache.SimpleCacheConfiguration' of type [org.springframework.boot.autoconfigure.cache.SimpleCacheConfiguration$$EnhancerBySpringCGLIB$$a46f0cb1] is not eligible for getting processed by all BeanPostProcessors (for example: not eligible for auto-proxying)
2017-12-26 09:38:09,984 INFO [org.springframework.context.support.PostProcessorRegistrationDelegate$BeanPostProcessorChecker:325] Bean 'cacheManager' of type [org.springframework.cache.concurrent.ConcurrentMapCacheManager] is not eligible for getting processed by all BeanPostProcessors (for example: not eligible for auto-proxying)
2017-12-26 09:38:09,995 INFO [org.springframework.context.support.PostProcessorRegistrationDelegate$BeanPostProcessorChecker:325] Bean 'cacheAutoConfigurationValidator' of type [org.springframework.boot.autoconfigure.cache.CacheAutoConfiguration$CacheManagerValidator] is not eligible for getting processed by all BeanPostProcessors (for example: not eligible for auto-proxying)
2017-12-26 09:38:10,084 INFO [org.springframework.context.support.PostProcessorRegistrationDelegate$BeanPostProcessorChecker:325] Bean 'org.springframework.cloud.autoconfigure.ConfigurationPropertiesRebinderAutoConfiguration' of type [org.springframework.cloud.autoconfigure.ConfigurationPropertiesRebinderAutoConfiguration$$EnhancerBySpringCGLIB$$e167a20b] is not eligible for getting processed by all BeanPostProcessors (for example: not eligible for auto-proxying)
2017-12-26 09:38:12,056 INFO [org.springframework.boot.context.embedded.tomcat.TomcatEmbeddedServletContainer:89] Tomcat initialized with port(s): 19063 (http)
2017-12-26 09:38:12,110 INFO [org.apache.juli.logging.DirectJDKLog:179] Starting service [Tomcat]
2017-12-26 09:38:12,114 INFO [org.apache.juli.logging.DirectJDKLog:179] Starting Servlet Engine: Apache Tomcat/8.5.20
2017-12-26 09:38:12,736 INFO [org.apache.juli.logging.DirectJDKLog:179] Initializing Spring embedded WebApplicationContext
2017-12-26 09:38:12,738 INFO [org.springframework.boot.context.embedded.EmbeddedWebApplicationContext:276] Root WebApplicationContext: initialization completed in 8579 ms
2017-12-26 09:38:14,342 INFO [org.springframework.boot.web.servlet.ServletRegistrationBean:190] Mapping servlet: 'dispatcherServlet' to [/]
2017-12-26 09:38:14,389 INFO [org.springframework.boot.web.servlet.ServletRegistrationBean:190] Mapping servlet: 'com.iebm.pfds.commons.config.servlet.DruidStatViewServlet' to [/druid/*]
2017-12-26 09:38:14,420 INFO [org.springframework.boot.web.servlet.AbstractFilterRegistrationBean:258] Mapping filter: 'characterEncodingFilter' to: [/*]
2017-12-26 09:38:14,422 INFO [org.springframework.boot.web.servlet.AbstractFilterRegistrationBean:258] Mapping filter: 'hiddenHttpMethodFilter' to: [/*]
2017-12-26 09:38:14,422 INFO [org.springframework.boot.web.servlet.AbstractFilterRegistrationBean:258] Mapping filter: 'httpPutFormContentFilter' to: [/*]
2017-12-26 09:38:14,423 INFO [org.springframework.boot.web.servlet.AbstractFilterRegistrationBean:258] Mapping filter: 'requestContextFilter' to: [/*]
2017-12-26 09:38:14,424 INFO [org.springframework.boot.web.servlet.AbstractFilterRegistrationBean:271] Mapping filter: 'com.iebm.pfds.commons.config.filter.CorsFilter' to urls: [/*]
2017-12-26 09:38:14,424 INFO [org.springframework.boot.web.servlet.AbstractFilterRegistrationBean:271] Mapping filter: 'druidWebStatFilter' to urls: [/*]
2017-12-26 09:38:15,165 INFO [com.iebm.pfds.commons.config.DruidConfiguration$Druid:44] DruidConfiguration init completed................
2017-12-26 09:38:19,319 INFO [com.alibaba.druid.pool.DruidDataSource:715] {dataSource-1} inited
2017-12-26 09:38:19,732 INFO [org.springframework.orm.jpa.LocalContainerEntityManagerFactoryBean:349] Building JPA container EntityManagerFactory for persistence unit 'default'
2017-12-26 09:38:19,818 INFO [org.hibernate.jpa.internal.util.LogHelper:31] HHH000204: Processing PersistenceUnitInfo [
	name: default
	...]
2017-12-26 09:38:20,408 INFO [org.hibernate.Version:37] HHH000412: Hibernate Core {5.0.12.Final}
2017-12-26 09:38:20,423 INFO [org.hibernate.cfg.Environment:213] HHH000206: hibernate.properties not found
2017-12-26 09:38:20,433 INFO [org.hibernate.cfg.Environment:317] HHH000021: Bytecode provider name : javassist
2017-12-26 09:38:20,831 INFO [org.hibernate.annotations.common.reflection.java.JavaReflectionManager:66] HCANN000001: Hibernate Commons Annotations {5.0.1.Final}
2017-12-26 09:38:21,829 INFO [org.hibernate.dialect.Dialect:156] HHH000400: Using dialect: org.hibernate.dialect.MySQL5Dialect
2017-12-26 09:38:24,748 INFO [org.springframework.orm.jpa.AbstractEntityManagerFactoryBean:379] Initialized JPA EntityManagerFactory for persistence unit 'default'
2017-12-26 09:38:33,964 INFO [org.springframework.web.servlet.mvc.method.annotation.RequestMappingHandlerAdapter:534] Looking for @ControllerAdvice: org.springframework.boot.context.embedded.AnnotationConfigEmbeddedWebApplicationContext@58fe0499: startup date [Tue Dec 26 09:38:04 CST 2017]; parent: org.springframework.context.annotation.AnnotationConfigApplicationContext@49e53c76
2017-12-26 09:38:34,918 INFO [org.springframework.web.servlet.handler.AbstractHandlerMethodMapping$MappingRegistry:543] Mapped "{[/drug/get],methods=[POST]}" onto public java.lang.String com.iebm.pfds.drug.controller.DrugTestController.get(java.lang.String)
2017-12-26 09:38:34,927 INFO [org.springframework.web.servlet.handler.AbstractHandlerMethodMapping$MappingRegistry:543] Mapped "{[/error]}" onto public org.springframework.http.ResponseEntity<java.util.Map<java.lang.String, java.lang.Object>> org.springframework.boot.autoconfigure.web.BasicErrorController.error(javax.servlet.http.HttpServletRequest)
2017-12-26 09:38:34,929 INFO [org.springframework.web.servlet.handler.AbstractHandlerMethodMapping$MappingRegistry:543] Mapped "{[/error],produces=[text/html]}" onto public org.springframework.web.servlet.ModelAndView org.springframework.boot.autoconfigure.web.BasicErrorController.errorHtml(javax.servlet.http.HttpServletRequest,javax.servlet.http.HttpServletResponse)
2017-12-26 09:38:35,323 INFO [org.springframework.web.servlet.handler.AbstractUrlHandlerMapping:362] Mapped URL path [/webjars/**] onto handler of type [class org.springframework.web.servlet.resource.ResourceHttpRequestHandler]
2017-12-26 09:38:35,324 INFO [org.springframework.web.servlet.handler.AbstractUrlHandlerMapping:362] Mapped URL path [/**] onto handler of type [class org.springframework.web.servlet.resource.ResourceHttpRequestHandler]
2017-12-26 09:38:35,440 INFO [org.springframework.web.servlet.mvc.method.annotation.ExceptionHandlerExceptionResolver:273] Detected @ExceptionHandler methods in controllerEnhancerment
2017-12-26 09:38:35,650 INFO [org.springframework.web.servlet.handler.AbstractUrlHandlerMapping:362] Mapped URL path [/**/favicon.ico] onto handler of type [class org.springframework.web.servlet.resource.ResourceHttpRequestHandler]
2017-12-26 09:38:43,210 WARN [com.netflix.config.sources.URLConfigurationSource:121] No URLs will be polled as dynamic configuration sources.
2017-12-26 09:38:43,212 INFO [com.netflix.config.sources.URLConfigurationSource:122] To enable URLs as dynamic configuration sources, define System property archaius.configurationSource.additionalUrls or make config.properties available on classpath.
2017-12-26 09:38:43,239 WARN [com.netflix.config.sources.URLConfigurationSource:121] No URLs will be polled as dynamic configuration sources.
2017-12-26 09:38:43,242 INFO [com.netflix.config.sources.URLConfigurationSource:122] To enable URLs as dynamic configuration sources, define System property archaius.configurationSource.additionalUrls or make config.properties available on classpath.
2017-12-26 09:38:43,936 INFO [org.springframework.jmx.export.MBeanExporter:431] Registering beans for JMX exposure on startup
2017-12-26 09:38:43,940 INFO [org.springframework.jmx.export.MBeanExporter:916] Bean with name 'dataSource' has been autodetected for JMX exposure
2017-12-26 09:38:43,963 INFO [org.springframework.jmx.export.MBeanExporter:916] Bean with name 'refreshScope' has been autodetected for JMX exposure
2017-12-26 09:38:43,966 INFO [org.springframework.jmx.export.MBeanExporter:916] Bean with name 'environmentManager' has been autodetected for JMX exposure
2017-12-26 09:38:43,968 INFO [org.springframework.jmx.export.MBeanExporter:916] Bean with name 'configurationPropertiesRebinder' has been autodetected for JMX exposure
2017-12-26 09:38:43,977 INFO [org.springframework.jmx.export.MBeanExporter:678] Located managed bean 'environmentManager': registering with JMX server as MBean [org.springframework.cloud.context.environment:name=environmentManager,type=EnvironmentManager]
2017-12-26 09:38:44,029 INFO [org.springframework.jmx.export.MBeanExporter:678] Located managed bean 'refreshScope': registering with JMX server as MBean [org.springframework.cloud.context.scope.refresh:name=refreshScope,type=RefreshScope]
2017-12-26 09:38:44,082 INFO [org.springframework.jmx.export.MBeanExporter:678] Located managed bean 'configurationPropertiesRebinder': registering with JMX server as MBean [org.springframework.cloud.context.properties:name=configurationPropertiesRebinder,context=58fe0499,type=ConfigurationPropertiesRebinder]
2017-12-26 09:38:44,115 INFO [org.springframework.jmx.export.MBeanExporter:671] Located MBean 'dataSource': registering with JMX server as MBean [com.alibaba.druid.pool:name=dataSource,type=DruidDataSource]
2017-12-26 09:38:44,779 INFO [org.springframework.context.support.DefaultLifecycleProcessor$LifecycleGroup:343] Starting beans in phase 0
2017-12-26 09:38:44,799 INFO [org.springframework.cloud.netflix.eureka.InstanceInfoFactory:70] Setting initial instance status as: STARTING
2017-12-26 09:38:46,153 INFO [com.netflix.discovery.provider.DiscoveryJerseyProvider:70] Using JSON encoding codec LegacyJacksonJson
2017-12-26 09:38:46,155 INFO [com.netflix.discovery.provider.DiscoveryJerseyProvider:71] Using JSON decoding codec LegacyJacksonJson
2017-12-26 09:38:46,575 INFO [com.netflix.discovery.provider.DiscoveryJerseyProvider:80] Using XML encoding codec XStreamXml
2017-12-26 09:38:46,576 INFO [com.netflix.discovery.provider.DiscoveryJerseyProvider:81] Using XML decoding codec XStreamXml
2017-12-26 09:38:47,272 INFO [com.netflix.discovery.shared.resolver.aws.ConfigClusterResolver:43] Resolving eureka endpoints via configuration
2017-12-26 09:38:47,799 INFO [com.netflix.discovery.DiscoveryClient:937] Disable delta property : false
2017-12-26 09:38:47,800 INFO [com.netflix.discovery.DiscoveryClient:938] Single vip registry refresh property : null
2017-12-26 09:38:47,801 INFO [com.netflix.discovery.DiscoveryClient:939] Force full registry fetch : false
2017-12-26 09:38:47,802 INFO [com.netflix.discovery.DiscoveryClient:940] Application is null : false
2017-12-26 09:38:47,803 INFO [com.netflix.discovery.DiscoveryClient:941] Registered Applications size is zero : true
2017-12-26 09:38:47,803 INFO [com.netflix.discovery.DiscoveryClient:943] Application version is -1: true
2017-12-26 09:38:47,804 INFO [com.netflix.discovery.DiscoveryClient:1026] Getting all instance registry info from the eureka server
2017-12-26 09:38:50,098 INFO [com.netflix.discovery.DiscoveryClient:1035] The response status is 200
2017-12-26 09:38:50,109 INFO [com.netflix.discovery.DiscoveryClient:1261] Starting heartbeat executor: renew interval is: 5
2017-12-26 09:38:50,117 INFO [com.netflix.discovery.InstanceInfoReplicator:59] InstanceInfoReplicator onDemand update allowed rate per min is 4
2017-12-26 09:38:50,127 INFO [com.netflix.discovery.DiscoveryClient:461] Discovery Client initialized at timestamp 1514252330126 with initial instances count: 1
2017-12-26 09:38:50,365 INFO [org.springframework.cloud.netflix.eureka.EurekaDiscoveryClientConfiguration:100] Registering application pfds-drug with eureka with status UP
2017-12-26 09:38:50,368 INFO [com.netflix.discovery.DiscoveryClient$3:1296] Saw local status change event StatusChangeEvent [timestamp=1514252330368, current=UP, previous=STARTING]
2017-12-26 09:38:50,372 INFO [com.netflix.discovery.DiscoveryClient:812] DiscoveryClient_PFDS-DRUG/PC-20160606PUVI:pfds-drug:19063: registering service...
2017-12-26 09:38:50,461 INFO [org.apache.juli.logging.DirectJDKLog:179] Initializing ProtocolHandler ["http-nio-19063"]
2017-12-26 09:38:50,516 INFO [com.netflix.discovery.DiscoveryClient:821] DiscoveryClient_PFDS-DRUG/PC-20160606PUVI:pfds-drug:19063 - registration status: 204
2017-12-26 09:38:50,531 INFO [org.apache.juli.logging.DirectJDKLog:179] Starting ProtocolHandler ["http-nio-19063"]
2017-12-26 09:38:50,580 INFO [org.apache.juli.logging.DirectJDKLog:179] Using a shared selector for servlet write/read
2017-12-26 09:38:50,659 INFO [org.springframework.boot.context.embedded.tomcat.TomcatEmbeddedServletContainer:201] Tomcat started on port(s): 19063 (http)
2017-12-26 09:38:50,661 INFO [org.springframework.cloud.netflix.eureka.EurekaDiscoveryClientConfiguration:168] Updating port to 19063
2017-12-26 09:38:50,671 INFO [org.springframework.boot.StartupInfoLogger:57] Started DrugStarter in 51.376 seconds (JVM running for 52.953)
2017-12-26 09:39:42,814 INFO [org.apache.juli.logging.DirectJDKLog:179] Initializing Spring FrameworkServlet 'dispatcherServlet'
2017-12-26 09:39:42,815 INFO [org.springframework.web.servlet.FrameworkServlet:489] FrameworkServlet 'dispatcherServlet': initialization started
2017-12-26 09:39:42,921 INFO [org.springframework.web.servlet.FrameworkServlet:508] FrameworkServlet 'dispatcherServlet': initialization completed in 104 ms
2017-12-26 09:39:43,282 INFO [com.iebm.pfds.drug.controller.DrugTestController:17] get drug from pfds-drug by id 100
