2017-12-26 17:15:46,114 INFO [org.springframework.context.support.AbstractApplicationContext:583] Refreshing org.springframework.context.annotation.AnnotationConfigApplicationContext@2421cc4: startup date [Tue Dec 26 17:15:46 CST 2017]; root of context hierarchy
2017-12-26 17:15:48,012 INFO [org.springframework.beans.factory.annotation.AutowiredAnnotationBeanPostProcessor:155] JSR-330 'javax.inject.Inject' annotation found and supported for autowiring
2017-12-26 17:15:48,560 INFO [org.hibernate.validator.internal.util.Version:30] HV000001: Hibernate Validator 5.3.5.Final
2017-12-26 17:15:49,099 INFO [org.springframework.context.support.PostProcessorRegistrationDelegate$BeanPostProcessorChecker:325] Bean 'configurationPropertiesRebinderAutoConfiguration' of type [org.springframework.cloud.autoconfigure.ConfigurationPropertiesRebinderAutoConfiguration$$EnhancerBySpringCGLIB$$fe516973] is not eligible for getting processed by all BeanPostProcessors (for example: not eligible for auto-proxying)
2017-12-26 17:18:32,206 INFO [org.springframework.context.support.AbstractApplicationContext:583] Refreshing org.springframework.context.annotation.AnnotationConfigApplicationContext@42530531: startup date [Tue Dec 26 17:18:32 CST 2017]; root of context hierarchy
2017-12-26 17:18:33,915 INFO [org.hibernate.validator.internal.util.Version:30] HV000001: Hibernate Validator 5.3.5.Final
2017-12-26 17:18:35,409 INFO [org.springframework.beans.factory.annotation.AutowiredAnnotationBeanPostProcessor:155] JSR-330 'javax.inject.Inject' annotation found and supported for autowiring
2017-12-26 17:18:35,806 INFO [org.springframework.context.support.PostProcessorRegistrationDelegate$BeanPostProcessorChecker:325] Bean 'configurationPropertiesRebinderAutoConfiguration' of type [org.springframework.cloud.autoconfigure.ConfigurationPropertiesRebinderAutoConfiguration$$EnhancerBySpringCGLIB$$4066ac62] is not eligible for getting processed by all BeanPostProcessors (for example: not eligible for auto-proxying)
2017-12-26 17:18:38,508 INFO [org.springframework.boot.SpringApplication:597] The following profiles are active: dev
2017-12-26 17:18:38,701 INFO [org.springframework.context.support.AbstractApplicationContext:583] Refreshing org.springframework.boot.context.embedded.AnnotationConfigEmbeddedWebApplicationContext@677b8e13: startup date [Tue Dec 26 17:18:38 CST 2017]; parent: org.springframework.context.annotation.AnnotationConfigApplicationContext@42530531
2017-12-26 17:18:43,099 WARN [org.springframework.context.annotation.AutoProxyRegistrar:82] AutoProxyRegistrar was imported but no annotations were found having both 'mode' and 'proxyTargetClass' attributes of type AdviceMode and boolean respectively. This means that auto proxy creator registration and configuration may not have occurred as intended, and components may not be proxied as expected. Check to ensure that AutoProxyRegistrar has been @Import'ed on the same class where these annotations are declared; otherwise remove the import of AutoProxyRegistrar altogether.
2017-12-26 17:18:45,008 INFO [org.springframework.cloud.context.scope.GenericScope:263] BeanFactory id=20fa1130-19d5-34d7-ab74-4dcf830652be
2017-12-26 17:18:45,429 INFO [org.springframework.beans.factory.annotation.AutowiredAnnotationBeanPostProcessor:155] JSR-330 'javax.inject.Inject' annotation found and supported for autowiring
2017-12-26 17:18:46,927 INFO [org.springframework.context.support.PostProcessorRegistrationDelegate$BeanPostProcessorChecker:325] Bean 'org.springframework.transaction.annotation.ProxyTransactionManagementConfiguration' of type [org.springframework.transaction.annotation.ProxyTransactionManagementConfiguration$$EnhancerBySpringCGLIB$$244ca965] is not eligible for getting processed by all BeanPostProcessors (for example: not eligible for auto-proxying)
2017-12-26 17:18:48,155 INFO [org.springframework.context.support.PostProcessorRegistrationDelegate$BeanPostProcessorChecker:325] Bean 'org.springframework.cache.annotation.ProxyCachingConfiguration' of type [org.springframework.cache.annotation.ProxyCachingConfiguration$$EnhancerBySpringCGLIB$$6d5edf83] is not eligible for getting processed by all BeanPostProcessors (for example: not eligible for auto-proxying)
2017-12-26 17:18:48,325 INFO [org.springframework.context.support.PostProcessorRegistrationDelegate$BeanPostProcessorChecker:325] Bean 'org.springframework.boot.autoconfigure.cache.CacheAutoConfiguration' of type [org.springframework.boot.autoconfigure.cache.CacheAutoConfiguration$$EnhancerBySpringCGLIB$$61d2a427] is not eligible for getting processed by all BeanPostProcessors (for example: not eligible for auto-proxying)
2017-12-26 17:18:48,501 INFO [org.springframework.context.support.PostProcessorRegistrationDelegate$BeanPostProcessorChecker:325] Bean 'spring.cache-org.springframework.boot.autoconfigure.cache.CacheProperties' of type [org.springframework.boot.autoconfigure.cache.CacheProperties] is not eligible for getting processed by all BeanPostProcessors (for example: not eligible for auto-proxying)
2017-12-26 17:18:48,584 INFO [org.springframework.context.support.PostProcessorRegistrationDelegate$BeanPostProcessorChecker:325] Bean 'cacheManagerCustomizers' of type [org.springframework.boot.autoconfigure.cache.CacheManagerCustomizers] is not eligible for getting processed by all BeanPostProcessors (for example: not eligible for auto-proxying)
2017-12-26 17:18:48,609 INFO [org.springframework.context.support.PostProcessorRegistrationDelegate$BeanPostProcessorChecker:325] Bean 'org.springframework.boot.autoconfigure.cache.SimpleCacheConfiguration' of type [org.springframework.boot.autoconfigure.cache.SimpleCacheConfiguration$$EnhancerBySpringCGLIB$$36e1708] is not eligible for getting processed by all BeanPostProcessors (for example: not eligible for auto-proxying)
2017-12-26 17:18:48,691 INFO [org.springframework.context.support.PostProcessorRegistrationDelegate$BeanPostProcessorChecker:325] Bean 'cacheManager' of type [org.springframework.cache.concurrent.ConcurrentMapCacheManager] is not eligible for getting processed by all BeanPostProcessors (for example: not eligible for auto-proxying)
2017-12-26 17:18:48,716 INFO [org.springframework.context.support.PostProcessorRegistrationDelegate$BeanPostProcessorChecker:325] Bean 'cacheAutoConfigurationValidator' of type [org.springframework.boot.autoconfigure.cache.CacheAutoConfiguration$CacheManagerValidator] is not eligible for getting processed by all BeanPostProcessors (for example: not eligible for auto-proxying)
2017-12-26 17:18:48,967 INFO [org.springframework.context.support.PostProcessorRegistrationDelegate$BeanPostProcessorChecker:325] Bean 'org.springframework.cloud.autoconfigure.ConfigurationPropertiesRebinderAutoConfiguration' of type [org.springframework.cloud.autoconfigure.ConfigurationPropertiesRebinderAutoConfiguration$$EnhancerBySpringCGLIB$$4066ac62] is not eligible for getting processed by all BeanPostProcessors (for example: not eligible for auto-proxying)
2017-12-26 17:18:52,144 INFO [org.springframework.boot.context.embedded.tomcat.TomcatEmbeddedServletContainer:89] Tomcat initialized with port(s): 19063 (http)
2017-12-26 17:18:52,199 INFO [org.apache.juli.logging.DirectJDKLog:179] Starting service [Tomcat]
2017-12-26 17:18:52,204 INFO [org.apache.juli.logging.DirectJDKLog:179] Starting Servlet Engine: Apache Tomcat/8.5.20
2017-12-26 17:18:53,307 INFO [org.apache.juli.logging.DirectJDKLog:179] Initializing Spring embedded WebApplicationContext
2017-12-26 17:18:53,309 INFO [org.springframework.boot.context.embedded.EmbeddedWebApplicationContext:276] Root WebApplicationContext: initialization completed in 14608 ms
2017-12-26 17:18:56,244 INFO [org.springframework.boot.web.servlet.ServletRegistrationBean:190] Mapping servlet: 'dispatcherServlet' to [/]
2017-12-26 17:18:56,251 INFO [org.springframework.boot.web.servlet.ServletRegistrationBean:190] Mapping servlet: 'com.iebm.pfds.commons.config.servlet.DruidStatViewServlet' to [/druid/*]
2017-12-26 17:18:56,278 INFO [org.springframework.boot.web.servlet.AbstractFilterRegistrationBean:258] Mapping filter: 'characterEncodingFilter' to: [/*]
2017-12-26 17:18:56,280 INFO [org.springframework.boot.web.servlet.AbstractFilterRegistrationBean:258] Mapping filter: 'hiddenHttpMethodFilter' to: [/*]
2017-12-26 17:18:56,281 INFO [org.springframework.boot.web.servlet.AbstractFilterRegistrationBean:258] Mapping filter: 'httpPutFormContentFilter' to: [/*]
2017-12-26 17:18:56,283 INFO [org.springframework.boot.web.servlet.AbstractFilterRegistrationBean:258] Mapping filter: 'requestContextFilter' to: [/*]
2017-12-26 17:18:56,283 INFO [org.springframework.boot.web.servlet.AbstractFilterRegistrationBean:271] Mapping filter: 'com.iebm.pfds.commons.config.filter.CorsFilter' to urls: [/*]
2017-12-26 17:18:56,284 INFO [org.springframework.boot.web.servlet.AbstractFilterRegistrationBean:271] Mapping filter: 'druidWebStatFilter' to urls: [/*]
2017-12-26 17:18:57,877 INFO [com.iebm.pfds.commons.config.DruidConfiguration$Druid:44] DruidConfiguration init completed................
2017-12-26 17:19:02,884 INFO [com.alibaba.druid.pool.DruidDataSource:715] {dataSource-1} inited
2017-12-26 17:19:03,389 INFO [org.springframework.orm.jpa.LocalContainerEntityManagerFactoryBean:349] Building JPA container EntityManagerFactory for persistence unit 'default'
2017-12-26 17:19:03,508 INFO [org.hibernate.jpa.internal.util.LogHelper:31] HHH000204: Processing PersistenceUnitInfo [
	name: default
	...]
2017-12-26 17:19:04,526 INFO [org.hibernate.Version:37] HHH000412: Hibernate Core {5.0.12.Final}
2017-12-26 17:19:04,540 INFO [org.hibernate.cfg.Environment:213] HHH000206: hibernate.properties not found
2017-12-26 17:19:04,562 INFO [org.hibernate.cfg.Environment:317] HHH000021: Bytecode provider name : javassist
2017-12-26 17:19:05,475 INFO [org.hibernate.annotations.common.reflection.java.JavaReflectionManager:66] HCANN000001: Hibernate Commons Annotations {5.0.1.Final}
2017-12-26 17:19:07,216 INFO [org.hibernate.dialect.Dialect:156] HHH000400: Using dialect: org.hibernate.dialect.MySQL5Dialect
2017-12-26 17:19:10,530 INFO [org.springframework.orm.jpa.AbstractEntityManagerFactoryBean:379] Initialized JPA EntityManagerFactory for persistence unit 'default'
2017-12-26 17:19:17,816 INFO [org.springframework.web.servlet.mvc.method.annotation.RequestMappingHandlerAdapter:534] Looking for @ControllerAdvice: org.springframework.boot.context.embedded.AnnotationConfigEmbeddedWebApplicationContext@677b8e13: startup date [Tue Dec 26 17:18:38 CST 2017]; parent: org.springframework.context.annotation.AnnotationConfigApplicationContext@42530531
2017-12-26 17:19:18,649 INFO [org.springframework.web.servlet.handler.AbstractHandlerMethodMapping$MappingRegistry:543] Mapped "{[/drug/get],methods=[POST]}" onto public java.lang.String com.iebm.pfds.drug.controller.DrugTestController.get(java.lang.String) throws java.lang.InterruptedException
2017-12-26 17:19:18,671 INFO [org.springframework.web.servlet.handler.AbstractHandlerMethodMapping$MappingRegistry:543] Mapped "{[/error]}" onto public org.springframework.http.ResponseEntity<java.util.Map<java.lang.String, java.lang.Object>> org.springframework.boot.autoconfigure.web.BasicErrorController.error(javax.servlet.http.HttpServletRequest)
2017-12-26 17:19:18,674 INFO [org.springframework.web.servlet.handler.AbstractHandlerMethodMapping$MappingRegistry:543] Mapped "{[/error],produces=[text/html]}" onto public org.springframework.web.servlet.ModelAndView org.springframework.boot.autoconfigure.web.BasicErrorController.errorHtml(javax.servlet.http.HttpServletRequest,javax.servlet.http.HttpServletResponse)
2017-12-26 17:19:19,442 INFO [org.springframework.web.servlet.handler.AbstractUrlHandlerMapping:362] Mapped URL path [/webjars/**] onto handler of type [class org.springframework.web.servlet.resource.ResourceHttpRequestHandler]
2017-12-26 17:19:19,445 INFO [org.springframework.web.servlet.handler.AbstractUrlHandlerMapping:362] Mapped URL path [/**] onto handler of type [class org.springframework.web.servlet.resource.ResourceHttpRequestHandler]
2017-12-26 17:19:19,625 INFO [org.springframework.web.servlet.mvc.method.annotation.ExceptionHandlerExceptionResolver:273] Detected @ExceptionHandler methods in controllerEnhancerment
2017-12-26 17:19:20,009 INFO [org.springframework.web.servlet.handler.AbstractUrlHandlerMapping:362] Mapped URL path [/**/favicon.ico] onto handler of type [class org.springframework.web.servlet.resource.ResourceHttpRequestHandler]
2017-12-26 17:19:27,761 WARN [com.netflix.config.sources.URLConfigurationSource:121] No URLs will be polled as dynamic configuration sources.
2017-12-26 17:19:27,763 INFO [com.netflix.config.sources.URLConfigurationSource:122] To enable URLs as dynamic configuration sources, define System property archaius.configurationSource.additionalUrls or make config.properties available on classpath.
2017-12-26 17:19:27,806 WARN [com.netflix.config.sources.URLConfigurationSource:121] No URLs will be polled as dynamic configuration sources.
2017-12-26 17:19:27,808 INFO [com.netflix.config.sources.URLConfigurationSource:122] To enable URLs as dynamic configuration sources, define System property archaius.configurationSource.additionalUrls or make config.properties available on classpath.
2017-12-26 17:19:28,797 INFO [org.springframework.jmx.export.MBeanExporter:431] Registering beans for JMX exposure on startup
2017-12-26 17:19:28,803 INFO [org.springframework.jmx.export.MBeanExporter:916] Bean with name 'dataSource' has been autodetected for JMX exposure
2017-12-26 17:19:28,861 INFO [org.springframework.jmx.export.MBeanExporter:916] Bean with name 'refreshScope' has been autodetected for JMX exposure
2017-12-26 17:19:28,867 INFO [org.springframework.jmx.export.MBeanExporter:916] Bean with name 'environmentManager' has been autodetected for JMX exposure
2017-12-26 17:19:28,876 INFO [org.springframework.jmx.export.MBeanExporter:916] Bean with name 'configurationPropertiesRebinder' has been autodetected for JMX exposure
2017-12-26 17:19:28,895 INFO [org.springframework.jmx.export.MBeanExporter:678] Located managed bean 'environmentManager': registering with JMX server as MBean [org.springframework.cloud.context.environment:name=environmentManager,type=EnvironmentManager]
2017-12-26 17:19:28,978 INFO [org.springframework.jmx.export.MBeanExporter:678] Located managed bean 'refreshScope': registering with JMX server as MBean [org.springframework.cloud.context.scope.refresh:name=refreshScope,type=RefreshScope]
2017-12-26 17:19:29,081 INFO [org.springframework.jmx.export.MBeanExporter:678] Located managed bean 'configurationPropertiesRebinder': registering with JMX server as MBean [org.springframework.cloud.context.properties:name=configurationPropertiesRebinder,context=677b8e13,type=ConfigurationPropertiesRebinder]
2017-12-26 17:19:29,145 INFO [org.springframework.jmx.export.MBeanExporter:671] Located MBean 'dataSource': registering with JMX server as MBean [com.alibaba.druid.pool:name=dataSource,type=DruidDataSource]
2017-12-26 17:19:30,241 INFO [org.springframework.context.support.DefaultLifecycleProcessor$LifecycleGroup:343] Starting beans in phase 0
2017-12-26 17:19:30,267 INFO [org.springframework.cloud.netflix.eureka.InstanceInfoFactory:70] Setting initial instance status as: STARTING
2017-12-26 17:19:31,948 INFO [com.netflix.discovery.provider.DiscoveryJerseyProvider:70] Using JSON encoding codec LegacyJacksonJson
2017-12-26 17:19:31,951 INFO [com.netflix.discovery.provider.DiscoveryJerseyProvider:71] Using JSON decoding codec LegacyJacksonJson
2017-12-26 17:19:32,507 INFO [com.netflix.discovery.provider.DiscoveryJerseyProvider:80] Using XML encoding codec XStreamXml
2017-12-26 17:19:32,509 INFO [com.netflix.discovery.provider.DiscoveryJerseyProvider:81] Using XML decoding codec XStreamXml
2017-12-26 17:19:36,049 INFO [com.netflix.discovery.shared.resolver.aws.ConfigClusterResolver:43] Resolving eureka endpoints via configuration
2017-12-26 17:19:36,383 INFO [com.netflix.discovery.DiscoveryClient:937] Disable delta property : false
2017-12-26 17:19:36,384 INFO [com.netflix.discovery.DiscoveryClient:938] Single vip registry refresh property : null
2017-12-26 17:19:36,386 INFO [com.netflix.discovery.DiscoveryClient:939] Force full registry fetch : false
2017-12-26 17:19:36,387 INFO [com.netflix.discovery.DiscoveryClient:940] Application is null : false
2017-12-26 17:19:36,389 INFO [com.netflix.discovery.DiscoveryClient:941] Registered Applications size is zero : true
2017-12-26 17:19:36,390 INFO [com.netflix.discovery.DiscoveryClient:943] Application version is -1: true
2017-12-26 17:19:36,390 INFO [com.netflix.discovery.DiscoveryClient:1026] Getting all instance registry info from the eureka server
2017-12-26 17:19:37,134 INFO [com.netflix.discovery.DiscoveryClient:1035] The response status is 200
2017-12-26 17:19:37,137 INFO [com.netflix.discovery.DiscoveryClient:1261] Starting heartbeat executor: renew interval is: 5
2017-12-26 17:19:37,143 INFO [com.netflix.discovery.InstanceInfoReplicator:59] InstanceInfoReplicator onDemand update allowed rate per min is 4
2017-12-26 17:19:37,153 INFO [com.netflix.discovery.DiscoveryClient:461] Discovery Client initialized at timestamp 1514279977152 with initial instances count: 1
2017-12-26 17:19:37,545 INFO [org.springframework.cloud.netflix.eureka.EurekaDiscoveryClientConfiguration:100] Registering application pfds-drug with eureka with status UP
2017-12-26 17:19:37,557 INFO [com.netflix.discovery.DiscoveryClient$3:1296] Saw local status change event StatusChangeEvent [timestamp=1514279977557, current=UP, previous=STARTING]
2017-12-26 17:19:37,581 INFO [com.netflix.discovery.DiscoveryClient:812] DiscoveryClient_PFDS-DRUG/PC-20160606PUVI:pfds-drug:19063: registering service...
2017-12-26 17:19:37,654 INFO [org.apache.juli.logging.DirectJDKLog:179] Initializing ProtocolHandler ["http-nio-19063"]
2017-12-26 17:19:37,742 INFO [org.apache.juli.logging.DirectJDKLog:179] Starting ProtocolHandler ["http-nio-19063"]
2017-12-26 17:19:37,838 INFO [org.apache.juli.logging.DirectJDKLog:179] Using a shared selector for servlet write/read
2017-12-26 17:19:37,934 INFO [com.netflix.discovery.DiscoveryClient:821] DiscoveryClient_PFDS-DRUG/PC-20160606PUVI:pfds-drug:19063 - registration status: 204
2017-12-26 17:19:38,028 INFO [org.springframework.boot.context.embedded.tomcat.TomcatEmbeddedServletContainer:201] Tomcat started on port(s): 19063 (http)
2017-12-26 17:19:38,038 INFO [org.springframework.cloud.netflix.eureka.EurekaDiscoveryClientConfiguration:168] Updating port to 19063
2017-12-26 17:19:38,054 INFO [org.springframework.boot.StartupInfoLogger:57] Started DrugStarter in 69.743 seconds (JVM running for 73.848)
2017-12-26 17:22:49,169 INFO [org.apache.juli.logging.DirectJDKLog:179] Initializing Spring FrameworkServlet 'dispatcherServlet'
2017-12-26 17:22:49,170 INFO [org.springframework.web.servlet.FrameworkServlet:489] FrameworkServlet 'dispatcherServlet': initialization started
2017-12-26 17:22:49,300 INFO [org.springframework.web.servlet.FrameworkServlet:508] FrameworkServlet 'dispatcherServlet': initialization completed in 130 ms
2017-12-26 17:22:51,192 INFO [com.iebm.pfds.drug.controller.DrugTestController:18] get drug from pfds-drug by id 100
2017-12-26 17:22:58,412 INFO [com.iebm.pfds.drug.controller.DrugTestController:18] get drug from pfds-drug by id 100
2017-12-26 17:24:36,399 INFO [com.netflix.discovery.shared.resolver.aws.ConfigClusterResolver:43] Resolving eureka endpoints via configuration
2017-12-26 17:25:54,686 INFO [org.springframework.context.support.AbstractApplicationContext:583] Refreshing org.springframework.context.annotation.AnnotationConfigApplicationContext@2421cc4: startup date [Tue Dec 26 17:25:54 CST 2017]; root of context hierarchy
2017-12-26 17:25:56,273 INFO [org.hibernate.validator.internal.util.Version:30] HV000001: Hibernate Validator 5.3.5.Final
2017-12-26 17:25:56,424 INFO [org.springframework.beans.factory.annotation.AutowiredAnnotationBeanPostProcessor:155] JSR-330 'javax.inject.Inject' annotation found and supported for autowiring
2017-12-26 17:25:57,327 INFO [org.springframework.context.support.PostProcessorRegistrationDelegate$BeanPostProcessorChecker:325] Bean 'configurationPropertiesRebinderAutoConfiguration' of type [org.springframework.cloud.autoconfigure.ConfigurationPropertiesRebinderAutoConfiguration$$EnhancerBySpringCGLIB$$bcd5f752] is not eligible for getting processed by all BeanPostProcessors (for example: not eligible for auto-proxying)
2017-12-26 17:27:52,658 INFO [com.iebm.pfds.drug.controller.DrugTestController:18] get drug from pfds-drug by id 100
2017-12-26 17:29:36,402 INFO [com.netflix.discovery.shared.resolver.aws.ConfigClusterResolver:43] Resolving eureka endpoints via configuration
2017-12-26 17:32:16,838 INFO [org.springframework.context.support.AbstractApplicationContext:583] Refreshing org.springframework.context.annotation.AnnotationConfigApplicationContext@2421cc4: startup date [Tue Dec 26 17:32:16 CST 2017]; root of context hierarchy
2017-12-26 17:32:17,602 INFO [org.hibernate.validator.internal.util.Version:30] HV000001: Hibernate Validator 5.3.5.Final
2017-12-26 17:32:18,180 INFO [org.springframework.beans.factory.annotation.AutowiredAnnotationBeanPostProcessor:155] JSR-330 'javax.inject.Inject' annotation found and supported for autowiring
2017-12-26 17:32:18,501 INFO [org.springframework.context.support.PostProcessorRegistrationDelegate$BeanPostProcessorChecker:325] Bean 'configurationPropertiesRebinderAutoConfiguration' of type [org.springframework.cloud.autoconfigure.ConfigurationPropertiesRebinderAutoConfiguration$$EnhancerBySpringCGLIB$$1eed5335] is not eligible for getting processed by all BeanPostProcessors (for example: not eligible for auto-proxying)
2017-12-26 17:33:55,733 INFO [com.iebm.pfds.drug.controller.DrugTestController:18] get drug from pfds-drug by id 100
2017-12-26 17:34:36,405 INFO [com.netflix.discovery.shared.resolver.aws.ConfigClusterResolver:43] Resolving eureka endpoints via configuration
2017-12-26 17:34:41,764 INFO [com.iebm.pfds.drug.controller.DrugTestController:18] get drug from pfds-drug by id 100
2017-12-26 17:34:45,399 INFO [com.iebm.pfds.drug.controller.DrugTestController:18] get drug from pfds-drug by id 100
2017-12-26 17:34:47,149 INFO [com.iebm.pfds.drug.controller.DrugTestController:18] get drug from pfds-drug by id 100
2017-12-26 17:34:49,054 INFO [com.iebm.pfds.drug.controller.DrugTestController:18] get drug from pfds-drug by id 100
2017-12-26 17:34:51,277 INFO [com.iebm.pfds.drug.controller.DrugTestController:18] get drug from pfds-drug by id 100
2017-12-26 17:34:53,070 INFO [com.iebm.pfds.drug.controller.DrugTestController:18] get drug from pfds-drug by id 100
2017-12-26 17:34:54,690 INFO [com.iebm.pfds.drug.controller.DrugTestController:18] get drug from pfds-drug by id 100
2017-12-26 17:34:56,422 INFO [com.iebm.pfds.drug.controller.DrugTestController:18] get drug from pfds-drug by id 100
2017-12-26 17:34:58,051 INFO [com.iebm.pfds.drug.controller.DrugTestController:18] get drug from pfds-drug by id 100
2017-12-26 17:34:59,429 INFO [com.iebm.pfds.drug.controller.DrugTestController:18] get drug from pfds-drug by id 100
2017-12-26 17:35:00,963 INFO [com.iebm.pfds.drug.controller.DrugTestController:18] get drug from pfds-drug by id 100
2017-12-26 17:35:02,501 INFO [com.iebm.pfds.drug.controller.DrugTestController:18] get drug from pfds-drug by id 100
2017-12-26 17:35:04,018 INFO [com.iebm.pfds.drug.controller.DrugTestController:18] get drug from pfds-drug by id 100
2017-12-26 17:35:05,518 INFO [com.iebm.pfds.drug.controller.DrugTestController:18] get drug from pfds-drug by id 100
2017-12-26 17:35:07,161 INFO [com.iebm.pfds.drug.controller.DrugTestController:18] get drug from pfds-drug by id 100
2017-12-26 17:35:08,737 INFO [com.iebm.pfds.drug.controller.DrugTestController:18] get drug from pfds-drug by id 100
2017-12-26 17:35:09,149 INFO [com.iebm.pfds.drug.controller.DrugTestController:18] get drug from pfds-drug by id 100
2017-12-26 17:35:09,524 INFO [com.iebm.pfds.drug.controller.DrugTestController:18] get drug from pfds-drug by id 100
2017-12-26 17:35:09,916 INFO [com.iebm.pfds.drug.controller.DrugTestController:18] get drug from pfds-drug by id 100
2017-12-26 17:35:11,205 INFO [com.iebm.pfds.drug.controller.DrugTestController:18] get drug from pfds-drug by id 100
2017-12-26 17:35:11,744 INFO [com.iebm.pfds.drug.controller.DrugTestController:18] get drug from pfds-drug by id 100
2017-12-26 17:35:12,177 INFO [com.iebm.pfds.drug.controller.DrugTestController:18] get drug from pfds-drug by id 100
2017-12-26 17:35:12,559 INFO [com.iebm.pfds.drug.controller.DrugTestController:18] get drug from pfds-drug by id 100
2017-12-26 17:35:12,954 INFO [com.iebm.pfds.drug.controller.DrugTestController:18] get drug from pfds-drug by id 100
2017-12-26 17:35:27,027 INFO [com.iebm.pfds.drug.controller.DrugTestController:18] get drug from pfds-drug by id 100
2017-12-26 17:35:32,213 INFO [com.iebm.pfds.drug.controller.DrugTestController:18] get drug from pfds-drug by id 100
2017-12-26 17:35:37,386 INFO [com.iebm.pfds.drug.controller.DrugTestController:18] get drug from pfds-drug by id 100
2017-12-26 17:35:42,703 INFO [com.iebm.pfds.drug.controller.DrugTestController:18] get drug from pfds-drug by id 100
2017-12-26 17:35:47,845 INFO [com.iebm.pfds.drug.controller.DrugTestController:18] get drug from pfds-drug by id 100
2017-12-26 17:35:55,256 INFO [com.iebm.pfds.drug.controller.DrugTestController:18] get drug from pfds-drug by id 100
2017-12-26 17:36:00,488 INFO [com.iebm.pfds.drug.controller.DrugTestController:18] get drug from pfds-drug by id 100
2017-12-26 17:37:09,485 INFO [com.iebm.pfds.drug.controller.DrugTestController:18] get drug from pfds-drug by id 100
2017-12-26 17:39:36,408 INFO [com.netflix.discovery.shared.resolver.aws.ConfigClusterResolver:43] Resolving eureka endpoints via configuration
